2025-05-11 20:26:36,924 - contrastive_training - INFO - Random seeds set for reproducibility
2025-05-11 20:26:36,924 - contrastive_training - INFO - Training parameters:
2025-05-11 20:26:36,924 - contrastive_training - INFO - Backbone architecture: resnet18
2025-05-11 20:26:36,924 - contrastive_training - INFO - Batch size: 12
2025-05-11 20:26:36,924 - contrastive_training - INFO - Embedding dimension: 128
2025-05-11 20:26:36,924 - contrastive_training - INFO - Learning rate: 0.0001
2025-05-11 20:26:36,924 - contrastive_training - INFO - Weight decay: 0.0001
2025-05-11 20:26:36,925 - contrastive_training - INFO - Max epochs: 75
2025-05-11 20:26:36,925 - contrastive_training - INFO - Early stopping patience: 15
2025-05-11 20:26:36,925 - contrastive_training - INFO - NT-Xent temperature: 0.05
2025-05-11 20:26:36,925 - contrastive_training - INFO - Hard negative weight: 0.05
2025-05-11 20:26:36,925 - contrastive_training - INFO - Mixup alpha: 0.2
2025-05-11 20:26:36,937 - contrastive_training - INFO - Using device: cuda
2025-05-11 20:26:36,937 - contrastive_training - INFO - Data path: data/csv_files/data_cleaned.csv
2025-05-11 20:26:36,937 - contrastive_training - INFO - Image folder: data/final-sample-dataset/images
2025-05-11 20:26:37,070 - contrastive_training - INFO - Dataset successfully loaded with 1177 samples
2025-05-11 20:26:37,092 - contrastive_training - INFO - Song embedding dimension: 64
2025-05-11 20:26:53,452 - contrastive_training - INFO - Train set: 823 samples
2025-05-11 20:26:53,452 - contrastive_training - INFO - Validation set: 177 samples
2025-05-11 20:26:53,452 - contrastive_training - INFO - Test set: 177 samples
2025-05-11 20:26:53,452 - contrastive_training - INFO - Actual batch sizes - Train: 12, Val: 12, Test: 12
2025-05-11 20:26:53,452 - contrastive_training - INFO - DataLoaders created successfully
2025-05-11 20:26:53,563 - contrastive_training - INFO - Model initialized successfully with resnet18 backbone
2025-05-11 20:26:53,564 - contrastive_training - INFO - Optimizer and scheduler initialized
2025-05-11 20:26:53,564 - contrastive_training - INFO - Starting training...
2025-05-11 20:26:53,636 - contrastive_training - INFO - Starting enhanced training on device: cuda
