2025-05-11 19:22:37,365 - contrastive_training - INFO - Random seeds set for reproducibility
2025-05-11 19:22:37,365 - contrastive_training - INFO - Training parameters:
2025-05-11 19:22:37,365 - contrastive_training - INFO - Backbone architecture: resnet18
2025-05-11 19:22:37,365 - contrastive_training - INFO - Batch size: 16
2025-05-11 19:22:37,365 - contrastive_training - INFO - Embedding dimension: 128
2025-05-11 19:22:37,365 - contrastive_training - INFO - Learning rate: 0.0001
2025-05-11 19:22:37,365 - contrastive_training - INFO - Weight decay: 0.0001
2025-05-11 19:22:37,365 - contrastive_training - INFO - Max epochs: 75
2025-05-11 19:22:37,365 - contrastive_training - INFO - Early stopping patience: 10
2025-05-11 19:22:37,365 - contrastive_training - INFO - NT-Xent temperature: 0.07
2025-05-11 19:22:37,366 - contrastive_training - INFO - Hard negative weight: 0.2
2025-05-11 19:22:37,366 - contrastive_training - INFO - Mixup alpha: 0.2
2025-05-11 19:22:37,372 - contrastive_training - INFO - Using device: cpu
2025-05-11 19:22:37,372 - contrastive_training - INFO - Data path: data/csv_files/data_cleaned.csv
2025-05-11 19:22:37,372 - contrastive_training - INFO - Image folder: data/final-sample-dataset/images
2025-05-11 19:22:37,498 - contrastive_training - INFO - Dataset successfully loaded with 1177 samples
2025-05-11 19:22:37,517 - contrastive_training - INFO - Song embedding dimension: 64
2025-05-11 19:22:53,701 - contrastive_training - INFO - Train set: 823 samples
2025-05-11 19:22:53,701 - contrastive_training - INFO - Validation set: 177 samples
2025-05-11 19:22:53,701 - contrastive_training - INFO - Test set: 177 samples
2025-05-11 19:22:53,701 - contrastive_training - INFO - Actual batch sizes - Train: 16, Val: 16, Test: 16
2025-05-11 19:22:53,702 - contrastive_training - INFO - DataLoaders created successfully
2025-05-11 19:22:53,811 - contrastive_training - INFO - Model initialized successfully with resnet18 backbone
2025-05-11 19:22:53,812 - contrastive_training - INFO - Optimizer and scheduler initialized
2025-05-11 19:22:53,812 - contrastive_training - INFO - Starting training...
2025-05-11 19:22:53,812 - contrastive_training - INFO - Starting enhanced training on device: cpu
