2025-04-28 13:51:15,501 - contrastive_training - INFO - Random seeds set for reproducibility
2025-04-28 13:51:15,501 - contrastive_training - INFO - Training parameters:
2025-04-28 13:51:15,501 - contrastive_training - INFO - Backbone architecture: efficientnet_b0
2025-04-28 13:51:15,502 - contrastive_training - INFO - Batch size: 64
2025-04-28 13:51:15,502 - contrastive_training - INFO - Embedding dimension: 128
2025-04-28 13:51:15,502 - contrastive_training - INFO - Learning rate: 0.0003
2025-04-28 13:51:15,502 - contrastive_training - INFO - Weight decay: 0.0001
2025-04-28 13:51:15,503 - contrastive_training - INFO - Max epochs: 300
2025-04-28 13:51:15,503 - contrastive_training - INFO - Early stopping patience: 15
2025-04-28 13:51:15,503 - contrastive_training - INFO - NT-Xent temperature: 0.05
2025-04-28 13:51:15,503 - contrastive_training - INFO - Hard negative weight: 0.3
2025-04-28 13:51:15,503 - contrastive_training - INFO - Mixup alpha: 0.4
2025-04-28 13:51:15,533 - contrastive_training - INFO - Using device: cuda
2025-04-28 13:51:15,533 - contrastive_training - INFO - Data path: data/csv files/rawr_dinosaur.csv
2025-04-28 13:51:15,533 - contrastive_training - INFO - Image folder: data/final-sample-dataset/images
2025-04-28 13:51:15,923 - contrastive_training - INFO - Dataset successfully loaded with 1247 samples
2025-04-28 13:51:15,951 - contrastive_training - INFO - Song embedding dimension: 128
2025-04-28 13:51:37,057 - contrastive_training - INFO - Train set: 872 samples
2025-04-28 13:51:37,058 - contrastive_training - INFO - Validation set: 187 samples
2025-04-28 13:51:37,058 - contrastive_training - INFO - Test set: 188 samples
2025-04-28 13:51:37,058 - contrastive_training - INFO - Actual batch sizes - Train: 64, Val: 64, Test: 64
2025-04-28 13:51:37,058 - contrastive_training - INFO - DataLoaders created successfully
2025-04-28 13:51:37,196 - contrastive_training - INFO - Model initialized successfully with efficientnet_b0 backbone
2025-04-28 13:51:37,197 - contrastive_training - INFO - Optimizer and scheduler initialized
2025-04-28 13:51:37,197 - contrastive_training - INFO - Starting training...
2025-04-28 13:51:37,331 - contrastive_training - INFO - Starting enhanced training on device: cuda
2025-04-28 13:52:47,179 - contrastive_training - INFO - Recalls: R@1: 0.53%, R@5: 2.14%, R@10: 2.67%
2025-04-28 13:52:47,179 - contrastive_training - INFO - Current Learning rate: 0.000033
2025-04-28 13:52:47,180 - contrastive_training - INFO - Epoch [1/300], Train Loss: 5.7713, Val Loss: 5.7945, Time: 69.85s
2025-04-28 13:52:47,180 - contrastive_training - INFO - Creating embedding visualizations...
2025-04-28 13:53:01,144 - contrastive_training - INFO - Recall@1 improved to 0.53%
2025-04-28 13:54:25,931 - contrastive_training - INFO - Recalls: R@1: 0.53%, R@5: 2.67%, R@10: 2.67%
2025-04-28 13:54:25,932 - contrastive_training - INFO - Current Learning rate: 0.000062
2025-04-28 13:54:25,932 - contrastive_training - INFO - Epoch [2/300], Train Loss: 5.8300, Val Loss: 5.7460, Time: 84.79s
2025-04-28 13:54:25,932 - contrastive_training - INFO - No improvement for 1 epochs
2025-04-28 13:55:50,155 - contrastive_training - INFO - Recalls: R@1: 0.53%, R@5: 2.67%, R@10: 3.74%
2025-04-28 13:55:50,156 - contrastive_training - INFO - Current Learning rate: 0.000092
2025-04-28 13:55:50,156 - contrastive_training - INFO - Epoch [3/300], Train Loss: 5.8145, Val Loss: 5.6483, Time: 84.22s
2025-04-28 13:55:50,157 - contrastive_training - INFO - No improvement for 2 epochs
2025-04-28 13:57:14,938 - contrastive_training - INFO - Recalls: R@1: 1.07%, R@5: 3.21%, R@10: 5.35%
2025-04-28 13:57:14,939 - contrastive_training - INFO - Current Learning rate: 0.000122
2025-04-28 13:57:14,939 - contrastive_training - INFO - Epoch [4/300], Train Loss: 5.6237, Val Loss: 5.5163, Time: 84.78s
2025-04-28 13:57:14,941 - contrastive_training - INFO - Recall@1 improved to 1.07%
2025-04-28 13:58:40,577 - contrastive_training - INFO - Recalls: R@1: 0.53%, R@5: 2.67%, R@10: 6.95%
2025-04-28 13:58:40,577 - contrastive_training - INFO - Current Learning rate: 0.000151
2025-04-28 13:58:40,577 - contrastive_training - INFO - Epoch [5/300], Train Loss: 5.5024, Val Loss: 5.3220, Time: 85.64s
2025-04-28 13:58:40,577 - contrastive_training - INFO - Creating embedding visualizations...
2025-04-28 13:58:43,040 - contrastive_training - INFO - No improvement for 1 epochs
2025-04-28 14:00:09,476 - contrastive_training - INFO - Recalls: R@1: 0.00%, R@5: 2.67%, R@10: 4.81%
2025-04-28 14:00:09,476 - contrastive_training - INFO - Current Learning rate: 0.000181
2025-04-28 14:00:09,476 - contrastive_training - INFO - Epoch [6/300], Train Loss: 5.3208, Val Loss: 5.0745, Time: 86.44s
2025-04-28 14:00:09,476 - contrastive_training - INFO - No improvement for 2 epochs
2025-04-28 14:01:36,262 - contrastive_training - INFO - Recalls: R@1: 0.53%, R@5: 3.21%, R@10: 5.88%
2025-04-28 14:01:36,262 - contrastive_training - INFO - Current Learning rate: 0.000211
2025-04-28 14:01:36,262 - contrastive_training - INFO - Epoch [7/300], Train Loss: 5.2198, Val Loss: 4.9569, Time: 86.79s
2025-04-28 14:01:36,262 - contrastive_training - INFO - No improvement for 3 epochs
2025-04-28 14:02:51,997 - contrastive_training - INFO - Recalls: R@1: 0.53%, R@5: 5.88%, R@10: 8.02%
2025-04-28 14:02:51,998 - contrastive_training - INFO - Current Learning rate: 0.000241
2025-04-28 14:02:51,998 - contrastive_training - INFO - Epoch [8/300], Train Loss: 5.1289, Val Loss: 4.9130, Time: 75.73s
2025-04-28 14:02:51,998 - contrastive_training - INFO - No improvement for 4 epochs
2025-04-28 14:04:07,878 - contrastive_training - INFO - Recalls: R@1: 1.60%, R@5: 4.28%, R@10: 5.88%
2025-04-28 14:04:07,878 - contrastive_training - INFO - Current Learning rate: 0.000270
2025-04-28 14:04:07,878 - contrastive_training - INFO - Epoch [9/300], Train Loss: 5.0658, Val Loss: 4.8814, Time: 75.88s
2025-04-28 14:04:07,881 - contrastive_training - INFO - Recall@1 improved to 1.60%
2025-04-28 14:05:23,988 - contrastive_training - INFO - Recalls: R@1: 1.07%, R@5: 4.28%, R@10: 8.02%
2025-04-28 14:05:23,989 - contrastive_training - INFO - Current Learning rate: 0.000300
2025-04-28 14:05:23,989 - contrastive_training - INFO - Epoch [10/300], Train Loss: 5.0327, Val Loss: 4.8785, Time: 76.11s
2025-04-28 14:05:23,989 - contrastive_training - INFO - Creating embedding visualizations...
2025-04-28 14:05:26,117 - contrastive_training - INFO - No improvement for 1 epochs
2025-04-28 14:06:42,459 - contrastive_training - INFO - Recalls: R@1: 0.53%, R@5: 2.14%, R@10: 4.28%
2025-04-28 14:06:42,459 - contrastive_training - INFO - Current Learning rate: 0.000300
2025-04-28 14:06:42,459 - contrastive_training - INFO - Epoch [11/300], Train Loss: 4.9844, Val Loss: 4.8914, Time: 76.34s
2025-04-28 14:06:42,460 - contrastive_training - INFO - No improvement for 2 epochs
2025-04-28 14:08:00,277 - contrastive_training - INFO - Recalls: R@1: 0.53%, R@5: 2.14%, R@10: 5.35%
2025-04-28 14:08:00,277 - contrastive_training - INFO - Current Learning rate: 0.000300
2025-04-28 14:08:00,277 - contrastive_training - INFO - Epoch [12/300], Train Loss: 4.9636, Val Loss: 4.8927, Time: 77.82s
2025-04-28 14:08:00,277 - contrastive_training - INFO - No improvement for 3 epochs
2025-04-28 14:16:19,943 - contrastive_training - INFO - Recalls: R@1: 1.07%, R@5: 3.21%, R@10: 6.95%
2025-04-28 14:16:19,945 - contrastive_training - INFO - Current Learning rate: 0.000300
2025-04-28 14:16:19,945 - contrastive_training - INFO - Epoch [13/300], Train Loss: 4.9674, Val Loss: 4.9004, Time: 499.67s
2025-04-28 14:16:19,945 - contrastive_training - INFO - No improvement for 4 epochs
2025-04-28 14:22:07,371 - contrastive_training - INFO - Recalls: R@1: 0.53%, R@5: 2.67%, R@10: 4.81%
2025-04-28 14:22:07,371 - contrastive_training - INFO - Current Learning rate: 0.000300
2025-04-28 14:22:07,371 - contrastive_training - INFO - Epoch [14/300], Train Loss: 4.9683, Val Loss: 4.9316, Time: 347.43s
2025-04-28 14:22:07,371 - contrastive_training - INFO - No improvement for 5 epochs
2025-04-28 14:25:59,999 - contrastive_training - INFO - Recalls: R@1: 0.53%, R@5: 2.14%, R@10: 4.81%
2025-04-28 14:26:00,000 - contrastive_training - INFO - Current Learning rate: 0.000300
2025-04-28 14:26:00,000 - contrastive_training - INFO - Epoch [15/300], Train Loss: 4.9805, Val Loss: 4.9769, Time: 232.63s
2025-04-28 14:26:00,000 - contrastive_training - INFO - Creating embedding visualizations...
2025-04-28 14:26:02,224 - contrastive_training - INFO - No improvement for 6 epochs
2025-04-28 14:28:41,883 - contrastive_training - INFO - Recalls: R@1: 0.53%, R@5: 2.67%, R@10: 5.88%
2025-04-28 14:28:41,883 - contrastive_training - INFO - Current Learning rate: 0.000300
2025-04-28 14:28:41,884 - contrastive_training - INFO - Epoch [16/300], Train Loss: 4.9911, Val Loss: 4.9560, Time: 159.66s
2025-04-28 14:28:41,884 - contrastive_training - INFO - No improvement for 7 epochs
2025-04-28 14:29:55,586 - contrastive_training - INFO - Recalls: R@1: 0.53%, R@5: 1.60%, R@10: 4.81%
2025-04-28 14:29:55,587 - contrastive_training - INFO - Current Learning rate: 0.000300
2025-04-28 14:29:55,587 - contrastive_training - INFO - Epoch [17/300], Train Loss: 4.9903, Val Loss: 4.9684, Time: 73.70s
2025-04-28 14:29:55,587 - contrastive_training - INFO - No improvement for 8 epochs
2025-04-28 14:31:13,000 - contrastive_training - INFO - Recalls: R@1: 0.53%, R@5: 2.67%, R@10: 5.88%
2025-04-28 14:31:13,000 - contrastive_training - INFO - Current Learning rate: 0.000299
2025-04-28 14:31:13,002 - contrastive_training - INFO - Epoch [18/300], Train Loss: 5.0015, Val Loss: 5.0000, Time: 77.41s
2025-04-28 14:31:13,002 - contrastive_training - INFO - No improvement for 9 epochs
