2025-04-28 16:47:54,466 - contrastive_training - INFO - Random seeds set for reproducibility
2025-04-28 16:47:54,466 - contrastive_training - INFO - Training parameters:
2025-04-28 16:47:54,466 - contrastive_training - INFO - Backbone architecture: efficientnet_b0
2025-04-28 16:47:54,466 - contrastive_training - INFO - Batch size: 24
2025-04-28 16:47:54,466 - contrastive_training - INFO - Embedding dimension: 128
2025-04-28 16:47:54,467 - contrastive_training - INFO - Learning rate: 0.0003
2025-04-28 16:47:54,467 - contrastive_training - INFO - Weight decay: 0.0001
2025-04-28 16:47:54,467 - contrastive_training - INFO - Max epochs: 200
2025-04-28 16:47:54,467 - contrastive_training - INFO - Early stopping patience: 15
2025-04-28 16:47:54,467 - contrastive_training - INFO - NT-Xent temperature: 0.1
2025-04-28 16:47:54,467 - contrastive_training - INFO - Hard negative weight: 0.1
2025-04-28 16:47:54,467 - contrastive_training - INFO - Mixup alpha: 0.2
2025-04-28 16:47:54,488 - contrastive_training - INFO - Using device: cuda
2025-04-28 16:47:54,488 - contrastive_training - INFO - Data path: data/csv files/rawr_dinosaur.csv
2025-04-28 16:47:54,488 - contrastive_training - INFO - Image folder: data/final-sample-dataset/images
2025-04-28 16:47:54,858 - contrastive_training - INFO - Dataset successfully loaded with 1247 samples
2025-04-28 16:47:54,879 - contrastive_training - INFO - Song embedding dimension: 128
2025-04-28 16:48:15,169 - contrastive_training - INFO - Train set: 872 samples
2025-04-28 16:48:15,170 - contrastive_training - INFO - Validation set: 187 samples
2025-04-28 16:48:15,170 - contrastive_training - INFO - Test set: 188 samples
2025-04-28 16:48:15,170 - contrastive_training - INFO - Actual batch sizes - Train: 24, Val: 24, Test: 24
2025-04-28 16:48:15,170 - contrastive_training - INFO - DataLoaders created successfully
2025-04-28 16:48:15,260 - contrastive_training - INFO - Model initialized successfully with efficientnet_b0 backbone
2025-04-28 16:48:15,260 - contrastive_training - INFO - Optimizer and scheduler initialized
2025-04-28 16:48:15,261 - contrastive_training - INFO - Starting training...
2025-04-28 16:48:15,396 - contrastive_training - INFO - Starting enhanced training on device: cuda
2025-04-28 16:49:29,927 - contrastive_training - INFO - Recalls: R@1: 0.00%, R@5: 2.14%, R@10: 4.81%
2025-04-28 16:49:29,928 - contrastive_training - INFO - Current Learning rate: 0.000033
2025-04-28 16:49:29,928 - contrastive_training - INFO - Epoch [1/200], Train Loss: 4.4182, Val Loss: 4.3742, Time: 74.53s
2025-04-28 16:49:29,928 - contrastive_training - INFO - Creating embedding visualizations...
2025-04-28 16:49:42,584 - contrastive_training - INFO - No improvement for 1 epochs
2025-04-28 16:50:57,374 - contrastive_training - INFO - Recalls: R@1: 0.53%, R@5: 2.14%, R@10: 5.88%
2025-04-28 16:50:57,374 - contrastive_training - INFO - Current Learning rate: 0.000062
2025-04-28 16:50:57,374 - contrastive_training - INFO - Epoch [2/200], Train Loss: 4.4057, Val Loss: 4.3405, Time: 74.79s
2025-04-28 16:50:57,376 - contrastive_training - INFO - Recall@1 improved to 0.53%
2025-04-28 16:52:10,686 - contrastive_training - INFO - Recalls: R@1: 0.53%, R@5: 1.60%, R@10: 3.74%
2025-04-28 16:52:10,686 - contrastive_training - INFO - Current Learning rate: 0.000092
2025-04-28 16:52:10,686 - contrastive_training - INFO - Epoch [3/200], Train Loss: 4.1881, Val Loss: 4.1946, Time: 73.31s
2025-04-28 16:52:10,686 - contrastive_training - INFO - No improvement for 1 epochs
2025-04-28 16:53:20,884 - contrastive_training - INFO - Recalls: R@1: 0.53%, R@5: 2.67%, R@10: 6.95%
2025-04-28 16:53:20,884 - contrastive_training - INFO - Current Learning rate: 0.000122
2025-04-28 16:53:20,884 - contrastive_training - INFO - Epoch [4/200], Train Loss: 3.8811, Val Loss: 3.8881, Time: 70.20s
2025-04-28 16:53:20,884 - contrastive_training - INFO - No improvement for 2 epochs
2025-04-28 16:54:31,155 - contrastive_training - INFO - Recalls: R@1: 0.53%, R@5: 4.28%, R@10: 8.02%
2025-04-28 16:54:31,155 - contrastive_training - INFO - Current Learning rate: 0.000151
2025-04-28 16:54:31,155 - contrastive_training - INFO - Epoch [5/200], Train Loss: 3.5716, Val Loss: 3.7151, Time: 70.27s
2025-04-28 16:54:31,155 - contrastive_training - INFO - Creating embedding visualizations...
2025-04-28 16:54:33,382 - contrastive_training - INFO - No improvement for 3 epochs
2025-04-28 16:55:44,014 - contrastive_training - INFO - Recalls: R@1: 0.53%, R@5: 3.21%, R@10: 6.42%
2025-04-28 16:55:44,014 - contrastive_training - INFO - Current Learning rate: 0.000181
2025-04-28 16:55:44,014 - contrastive_training - INFO - Epoch [6/200], Train Loss: 3.3861, Val Loss: 3.6427, Time: 70.63s
2025-04-28 16:55:44,014 - contrastive_training - INFO - No improvement for 4 epochs
2025-04-28 16:56:54,441 - contrastive_training - INFO - Recalls: R@1: 1.07%, R@5: 2.67%, R@10: 6.42%
2025-04-28 16:56:54,441 - contrastive_training - INFO - Current Learning rate: 0.000211
2025-04-28 16:56:54,441 - contrastive_training - INFO - Epoch [7/200], Train Loss: 3.3133, Val Loss: 3.6067, Time: 70.43s
2025-04-28 16:56:54,445 - contrastive_training - INFO - Recall@1 improved to 1.07%
2025-04-28 16:58:04,357 - contrastive_training - INFO - Recalls: R@1: 1.07%, R@5: 3.74%, R@10: 5.88%
2025-04-28 16:58:04,357 - contrastive_training - INFO - Current Learning rate: 0.000241
2025-04-28 16:58:04,357 - contrastive_training - INFO - Epoch [8/200], Train Loss: 3.2191, Val Loss: 3.5902, Time: 69.91s
2025-04-28 16:58:04,357 - contrastive_training - INFO - No improvement for 1 epochs
2025-04-28 16:59:14,436 - contrastive_training - INFO - Recalls: R@1: 1.60%, R@5: 2.14%, R@10: 5.88%
2025-04-28 16:59:14,437 - contrastive_training - INFO - Current Learning rate: 0.000270
2025-04-28 16:59:14,437 - contrastive_training - INFO - Epoch [9/200], Train Loss: 3.1350, Val Loss: 3.6449, Time: 70.08s
2025-04-28 16:59:14,439 - contrastive_training - INFO - Recall@1 improved to 1.60%
2025-04-28 17:00:24,474 - contrastive_training - INFO - Recalls: R@1: 1.07%, R@5: 4.81%, R@10: 5.88%
2025-04-28 17:00:24,475 - contrastive_training - INFO - Current Learning rate: 0.000300
2025-04-28 17:00:24,475 - contrastive_training - INFO - Epoch [10/200], Train Loss: 2.9855, Val Loss: 3.7649, Time: 70.04s
2025-04-28 17:00:24,475 - contrastive_training - INFO - Creating embedding visualizations...
2025-04-28 17:00:26,585 - contrastive_training - INFO - No improvement for 1 epochs
2025-04-28 17:01:37,207 - contrastive_training - INFO - Recalls: R@1: 0.00%, R@5: 2.67%, R@10: 4.28%
2025-04-28 17:01:37,208 - contrastive_training - INFO - Current Learning rate: 0.000300
2025-04-28 17:01:37,208 - contrastive_training - INFO - Epoch [11/200], Train Loss: 2.7920, Val Loss: 3.9557, Time: 70.62s
2025-04-28 17:01:37,208 - contrastive_training - INFO - No improvement for 2 epochs
2025-04-28 17:02:47,323 - contrastive_training - INFO - Recalls: R@1: 0.00%, R@5: 4.81%, R@10: 8.02%
2025-04-28 17:02:47,323 - contrastive_training - INFO - Current Learning rate: 0.000300
2025-04-28 17:02:47,323 - contrastive_training - INFO - Epoch [12/200], Train Loss: 2.4194, Val Loss: 4.3639, Time: 70.12s
2025-04-28 17:02:47,323 - contrastive_training - INFO - No improvement for 3 epochs
2025-04-28 17:03:57,599 - contrastive_training - INFO - Recalls: R@1: 0.53%, R@5: 4.81%, R@10: 6.95%
2025-04-28 17:03:57,599 - contrastive_training - INFO - Current Learning rate: 0.000300
2025-04-28 17:03:57,599 - contrastive_training - INFO - Epoch [13/200], Train Loss: 2.1193, Val Loss: 4.9081, Time: 70.27s
2025-04-28 17:03:57,599 - contrastive_training - INFO - No improvement for 4 epochs
2025-04-28 17:05:07,825 - contrastive_training - INFO - Recalls: R@1: 1.07%, R@5: 4.81%, R@10: 8.02%
2025-04-28 17:05:07,826 - contrastive_training - INFO - Current Learning rate: 0.000300
2025-04-28 17:05:07,826 - contrastive_training - INFO - Epoch [14/200], Train Loss: 1.5252, Val Loss: 5.4903, Time: 70.23s
2025-04-28 17:05:07,826 - contrastive_training - INFO - No improvement for 5 epochs
2025-04-28 17:06:18,146 - contrastive_training - INFO - Recalls: R@1: 0.00%, R@5: 2.14%, R@10: 6.42%
2025-04-28 17:06:18,147 - contrastive_training - INFO - Current Learning rate: 0.000299
2025-04-28 17:06:18,147 - contrastive_training - INFO - Epoch [15/200], Train Loss: 1.3436, Val Loss: 6.3584, Time: 70.32s
2025-04-28 17:06:18,147 - contrastive_training - INFO - Creating embedding visualizations...
2025-04-28 17:06:20,210 - contrastive_training - INFO - No improvement for 6 epochs
2025-04-28 17:07:30,694 - contrastive_training - INFO - Recalls: R@1: 0.53%, R@5: 3.21%, R@10: 8.02%
2025-04-28 17:07:30,694 - contrastive_training - INFO - Current Learning rate: 0.000299
2025-04-28 17:07:30,694 - contrastive_training - INFO - Epoch [16/200], Train Loss: 0.9517, Val Loss: 7.0237, Time: 70.48s
2025-04-28 17:07:30,694 - contrastive_training - INFO - No improvement for 7 epochs
