2025-04-26 23:39:58,518 - contrastive_training - INFO - Random seeds set for reproducibility
2025-04-26 23:39:58,518 - contrastive_training - INFO - Training parameters:
2025-04-26 23:39:58,518 - contrastive_training - INFO - Backbone architecture: resnet18
2025-04-26 23:39:58,518 - contrastive_training - INFO - Batch size: 32
2025-04-26 23:39:58,519 - contrastive_training - INFO - Embedding dimension: 72
2025-04-26 23:39:58,519 - contrastive_training - INFO - Learning rate: 0.001
2025-04-26 23:39:58,519 - contrastive_training - INFO - Weight decay: 0.0001
2025-04-26 23:39:58,519 - contrastive_training - INFO - Max epochs: 100
2025-04-26 23:39:58,519 - contrastive_training - INFO - Early stopping patience: 15
2025-04-26 23:39:58,519 - contrastive_training - INFO - NT-Xent temperature: 0.5
2025-04-26 23:39:58,519 - contrastive_training - INFO - Hard negative weight: 0.2
2025-04-26 23:39:58,519 - contrastive_training - INFO - Mixup alpha: 0.2
2025-04-26 23:39:58,546 - contrastive_training - INFO - Using device: cuda
2025-04-26 23:39:58,546 - contrastive_training - INFO - Data path: essentia_audio_encoder/final-sample-dataset/data.csv
2025-04-26 23:39:58,547 - contrastive_training - INFO - Image folder: essentia_audio_encoder/final-sample-dataset/images
2025-04-26 23:39:58,611 - contrastive_training - INFO - Dataset successfully loaded with 459 samples
2025-04-26 23:39:58,635 - contrastive_training - INFO - Song embedding dimension: 72
2025-04-26 23:40:06,189 - contrastive_training - INFO - Train set: 321 samples
2025-04-26 23:40:06,189 - contrastive_training - INFO - Validation set: 69 samples
2025-04-26 23:40:06,189 - contrastive_training - INFO - Test set: 69 samples
2025-04-26 23:40:06,190 - contrastive_training - INFO - Actual batch sizes - Train: 32, Val: 32, Test: 32
2025-04-26 23:40:06,190 - contrastive_training - INFO - DataLoaders created successfully
2025-04-26 23:40:06,322 - contrastive_training - INFO - Model initialized successfully with resnet18 backbone
2025-04-26 23:40:06,324 - contrastive_training - INFO - Optimizer and scheduler initialized
2025-04-26 23:40:06,324 - contrastive_training - INFO - Starting training...
2025-04-26 23:40:06,466 - contrastive_training - INFO - Starting training on device: cuda
2025-04-26 23:40:06,466 - contrastive_training - INFO - Number of training batches: 11
2025-04-26 23:40:06,466 - contrastive_training - INFO - Number of validation batches: 3
2025-04-26 23:41:13,456 - contrastive_training - INFO - Current Learning rate: 0.000010
2025-04-26 23:41:13,456 - contrastive_training - INFO - Epoch [1/100], Train Loss: 3.1710, Val Loss: 2.8471, Time: 66.99s
2025-04-26 23:41:13,456 - contrastive_training - INFO - Creating embedding visualizations...
2025-04-26 23:41:57,432 - contrastive_training - INFO - Validation loss improved to 2.8471
2025-04-26 23:43:03,921 - contrastive_training - INFO - Current Learning rate: 0.000208
2025-04-26 23:43:03,922 - contrastive_training - INFO - Epoch [2/100], Train Loss: 3.1712, Val Loss: 2.8427, Time: 66.49s
2025-04-26 23:43:03,922 - contrastive_training - INFO - Validation loss improved to 2.8427
2025-04-26 23:44:10,241 - contrastive_training - INFO - Current Learning rate: 0.000406
2025-04-26 23:44:10,241 - contrastive_training - INFO - Epoch [3/100], Train Loss: 3.1680, Val Loss: 2.8396, Time: 66.32s
2025-04-26 23:44:10,242 - contrastive_training - INFO - Validation loss improved to 2.8396
2025-04-26 23:45:16,401 - contrastive_training - INFO - Current Learning rate: 0.000604
2025-04-26 23:45:16,401 - contrastive_training - INFO - Epoch [4/100], Train Loss: 3.1568, Val Loss: 2.8380, Time: 66.16s
2025-04-26 23:45:16,402 - contrastive_training - INFO - Validation loss improved to 2.8380
2025-04-26 23:46:22,818 - contrastive_training - INFO - Current Learning rate: 0.000802
2025-04-26 23:46:22,818 - contrastive_training - INFO - Epoch [5/100], Train Loss: 3.1521, Val Loss: 2.8351, Time: 66.42s
2025-04-26 23:46:22,963 - contrastive_training - INFO - Checkpoint saved to checkpoints\checkpoint_epoch_5.pth
2025-04-26 23:46:22,963 - contrastive_training - INFO - Creating embedding visualizations...
2025-04-26 23:46:59,793 - contrastive_training - INFO - Validation loss improved to 2.8351
2025-04-26 23:48:06,404 - contrastive_training - INFO - Current Learning rate: 0.001000
2025-04-26 23:48:06,404 - contrastive_training - INFO - Epoch [6/100], Train Loss: 3.1553, Val Loss: 2.8317, Time: 66.61s
2025-04-26 23:48:06,405 - contrastive_training - INFO - Validation loss improved to 2.8317
2025-04-26 23:49:12,533 - contrastive_training - INFO - Current Learning rate: 0.001000
2025-04-26 23:49:12,533 - contrastive_training - INFO - Epoch [7/100], Train Loss: 3.1553, Val Loss: 2.8292, Time: 66.13s
2025-04-26 23:49:12,533 - contrastive_training - INFO - Validation loss improved to 2.8292
2025-04-26 23:50:18,740 - contrastive_training - INFO - Current Learning rate: 0.000999
2025-04-26 23:50:18,740 - contrastive_training - INFO - Epoch [8/100], Train Loss: 3.1581, Val Loss: 2.8284, Time: 66.21s
2025-04-26 23:50:18,741 - contrastive_training - INFO - Validation loss improved to 2.8284
2025-04-26 23:51:24,881 - contrastive_training - INFO - Current Learning rate: 0.000998
2025-04-26 23:51:24,881 - contrastive_training - INFO - Epoch [9/100], Train Loss: 3.1516, Val Loss: 2.8275, Time: 66.14s
2025-04-26 23:51:24,882 - contrastive_training - INFO - Validation loss improved to 2.8275
2025-04-26 23:52:30,915 - contrastive_training - INFO - Current Learning rate: 0.000996
2025-04-26 23:52:30,915 - contrastive_training - INFO - Epoch [10/100], Train Loss: 3.1458, Val Loss: 2.8252, Time: 66.03s
2025-04-26 23:52:31,060 - contrastive_training - INFO - Checkpoint saved to checkpoints\checkpoint_epoch_10.pth
2025-04-26 23:52:31,060 - contrastive_training - INFO - Creating embedding visualizations...
2025-04-26 23:53:04,849 - contrastive_training - INFO - Validation loss improved to 2.8252
2025-04-26 23:54:11,051 - contrastive_training - INFO - Current Learning rate: 0.000993
2025-04-26 23:54:11,051 - contrastive_training - INFO - Epoch [11/100], Train Loss: 3.1520, Val Loss: 2.8244, Time: 66.20s
2025-04-26 23:54:11,053 - contrastive_training - INFO - Validation loss improved to 2.8244
2025-04-26 23:55:17,223 - contrastive_training - INFO - Current Learning rate: 0.000990
2025-04-26 23:55:17,223 - contrastive_training - INFO - Epoch [12/100], Train Loss: 3.1517, Val Loss: 2.8247, Time: 66.17s
2025-04-26 23:55:17,223 - contrastive_training - INFO - No improvement for 1 epochs
2025-04-26 23:56:23,213 - contrastive_training - INFO - Current Learning rate: 0.000987
2025-04-26 23:56:23,213 - contrastive_training - INFO - Epoch [13/100], Train Loss: 3.1450, Val Loss: 2.8237, Time: 65.99s
2025-04-26 23:56:23,214 - contrastive_training - INFO - Validation loss improved to 2.8237
2025-04-26 23:57:29,153 - contrastive_training - INFO - Current Learning rate: 0.000983
2025-04-26 23:57:29,154 - contrastive_training - INFO - Epoch [14/100], Train Loss: 3.1469, Val Loss: 2.8230, Time: 65.94s
2025-04-26 23:57:29,154 - contrastive_training - INFO - Validation loss improved to 2.8230
2025-04-26 23:58:34,981 - contrastive_training - INFO - Current Learning rate: 0.000978
2025-04-26 23:58:34,981 - contrastive_training - INFO - Epoch [15/100], Train Loss: 3.1495, Val Loss: 2.8221, Time: 65.83s
2025-04-26 23:58:35,120 - contrastive_training - INFO - Checkpoint saved to checkpoints\checkpoint_epoch_15.pth
2025-04-26 23:58:35,120 - contrastive_training - INFO - Creating embedding visualizations...
2025-04-26 23:59:09,512 - contrastive_training - INFO - Validation loss improved to 2.8221
2025-04-27 00:00:15,922 - contrastive_training - INFO - Current Learning rate: 0.000973
2025-04-27 00:00:15,922 - contrastive_training - INFO - Epoch [16/100], Train Loss: 3.1461, Val Loss: 2.8215, Time: 66.41s
2025-04-27 00:00:15,923 - contrastive_training - INFO - Validation loss improved to 2.8215
2025-04-27 00:01:21,895 - contrastive_training - INFO - Current Learning rate: 0.000968
2025-04-27 00:01:21,896 - contrastive_training - INFO - Epoch [17/100], Train Loss: 3.1465, Val Loss: 2.8211, Time: 65.97s
2025-04-27 00:01:21,896 - contrastive_training - INFO - Validation loss improved to 2.8211
2025-04-27 00:02:28,110 - contrastive_training - INFO - Current Learning rate: 0.000962
2025-04-27 00:02:28,112 - contrastive_training - INFO - Epoch [18/100], Train Loss: 3.1455, Val Loss: 2.8210, Time: 66.21s
2025-04-27 00:02:28,112 - contrastive_training - INFO - Validation loss improved to 2.8210
2025-04-27 00:03:34,671 - contrastive_training - INFO - Current Learning rate: 0.000955
2025-04-27 00:03:34,671 - contrastive_training - INFO - Epoch [19/100], Train Loss: 3.1434, Val Loss: 2.8212, Time: 66.56s
2025-04-27 00:03:34,671 - contrastive_training - INFO - No improvement for 1 epochs
2025-04-27 00:04:41,031 - contrastive_training - INFO - Current Learning rate: 0.000948
2025-04-27 00:04:41,031 - contrastive_training - INFO - Epoch [20/100], Train Loss: 3.1525, Val Loss: 2.8207, Time: 66.36s
2025-04-27 00:04:41,178 - contrastive_training - INFO - Checkpoint saved to checkpoints\checkpoint_epoch_20.pth
2025-04-27 00:04:41,178 - contrastive_training - INFO - Creating embedding visualizations...
2025-04-27 00:05:15,174 - contrastive_training - INFO - Validation loss improved to 2.8207
2025-04-27 00:06:21,626 - contrastive_training - INFO - Current Learning rate: 0.000940
2025-04-27 00:06:21,626 - contrastive_training - INFO - Epoch [21/100], Train Loss: 3.1463, Val Loss: 2.8203, Time: 66.45s
2025-04-27 00:06:21,627 - contrastive_training - INFO - Validation loss improved to 2.8203
2025-04-27 00:07:27,608 - contrastive_training - INFO - Current Learning rate: 0.000932
2025-04-27 00:07:27,609 - contrastive_training - INFO - Epoch [22/100], Train Loss: 3.1444, Val Loss: 2.8202, Time: 65.98s
2025-04-27 00:07:27,609 - contrastive_training - INFO - Validation loss improved to 2.8202
2025-04-27 00:08:34,385 - contrastive_training - INFO - Current Learning rate: 0.000924
2025-04-27 00:08:34,385 - contrastive_training - INFO - Epoch [23/100], Train Loss: 3.1458, Val Loss: 2.8195, Time: 66.77s
2025-04-27 00:08:34,385 - contrastive_training - INFO - Validation loss improved to 2.8195
2025-04-27 00:09:40,739 - contrastive_training - INFO - Current Learning rate: 0.000915
2025-04-27 00:09:40,739 - contrastive_training - INFO - Epoch [24/100], Train Loss: 3.1479, Val Loss: 2.8185, Time: 66.35s
2025-04-27 00:09:40,740 - contrastive_training - INFO - Validation loss improved to 2.8185
2025-04-27 00:10:46,952 - contrastive_training - INFO - Current Learning rate: 0.000905
2025-04-27 00:10:46,952 - contrastive_training - INFO - Epoch [25/100], Train Loss: 3.1465, Val Loss: 2.8179, Time: 66.21s
2025-04-27 00:10:47,090 - contrastive_training - INFO - Checkpoint saved to checkpoints\checkpoint_epoch_25.pth
2025-04-27 00:10:47,090 - contrastive_training - INFO - Creating embedding visualizations...
2025-04-27 00:11:21,104 - contrastive_training - INFO - Validation loss improved to 2.8179
2025-04-27 00:12:27,693 - contrastive_training - INFO - Current Learning rate: 0.000896
2025-04-27 00:12:27,694 - contrastive_training - INFO - Epoch [26/100], Train Loss: 3.1466, Val Loss: 2.8185, Time: 66.59s
2025-04-27 00:12:27,694 - contrastive_training - INFO - No improvement for 1 epochs
2025-04-27 00:13:33,872 - contrastive_training - INFO - Current Learning rate: 0.000885
2025-04-27 00:13:33,872 - contrastive_training - INFO - Epoch [27/100], Train Loss: 3.1449, Val Loss: 2.8179, Time: 66.18s
2025-04-27 00:13:33,873 - contrastive_training - INFO - No improvement for 2 epochs
2025-04-27 00:14:40,042 - contrastive_training - INFO - Current Learning rate: 0.000875
2025-04-27 00:14:40,042 - contrastive_training - INFO - Epoch [28/100], Train Loss: 3.1401, Val Loss: 2.8184, Time: 66.17s
2025-04-27 00:14:40,042 - contrastive_training - INFO - No improvement for 3 epochs
2025-04-27 00:15:46,045 - contrastive_training - INFO - Current Learning rate: 0.000864
2025-04-27 00:15:46,045 - contrastive_training - INFO - Epoch [29/100], Train Loss: 3.1441, Val Loss: 2.8183, Time: 66.00s
2025-04-27 00:15:46,045 - contrastive_training - INFO - No improvement for 4 epochs
2025-04-27 00:16:53,586 - contrastive_training - INFO - Current Learning rate: 0.000852
2025-04-27 00:16:53,587 - contrastive_training - INFO - Epoch [30/100], Train Loss: 3.1424, Val Loss: 2.8184, Time: 67.54s
2025-04-27 00:16:53,728 - contrastive_training - INFO - Checkpoint saved to checkpoints\checkpoint_epoch_30.pth
2025-04-27 00:16:53,728 - contrastive_training - INFO - Creating embedding visualizations...
2025-04-27 00:17:28,166 - contrastive_training - INFO - No improvement for 5 epochs
2025-04-27 00:18:34,375 - contrastive_training - INFO - Current Learning rate: 0.000840
2025-04-27 00:18:34,375 - contrastive_training - INFO - Epoch [31/100], Train Loss: 3.1438, Val Loss: 2.8186, Time: 66.21s
2025-04-27 00:18:34,375 - contrastive_training - INFO - No improvement for 6 epochs
2025-04-27 00:19:41,117 - contrastive_training - INFO - Current Learning rate: 0.000828
2025-04-27 00:19:41,118 - contrastive_training - INFO - Epoch [32/100], Train Loss: 3.1449, Val Loss: 2.8186, Time: 66.74s
2025-04-27 00:19:41,118 - contrastive_training - INFO - No improvement for 7 epochs
2025-04-27 00:20:47,525 - contrastive_training - INFO - Current Learning rate: 0.000815
2025-04-27 00:20:47,527 - contrastive_training - INFO - Epoch [33/100], Train Loss: 3.1443, Val Loss: 2.8186, Time: 66.41s
2025-04-27 00:20:47,527 - contrastive_training - INFO - No improvement for 8 epochs
2025-04-27 00:21:53,890 - contrastive_training - INFO - Current Learning rate: 0.000803
2025-04-27 00:21:53,890 - contrastive_training - INFO - Epoch [34/100], Train Loss: 3.1429, Val Loss: 2.8185, Time: 66.36s
2025-04-27 00:21:53,890 - contrastive_training - INFO - No improvement for 9 epochs
2025-04-27 00:23:00,106 - contrastive_training - INFO - Current Learning rate: 0.000789
2025-04-27 00:23:00,107 - contrastive_training - INFO - Epoch [35/100], Train Loss: 3.1454, Val Loss: 2.8181, Time: 66.22s
2025-04-27 00:23:00,243 - contrastive_training - INFO - Checkpoint saved to checkpoints\checkpoint_epoch_35.pth
2025-04-27 00:23:00,243 - contrastive_training - INFO - Creating embedding visualizations...
2025-04-27 00:23:34,459 - contrastive_training - INFO - No improvement for 10 epochs
2025-04-27 00:24:40,875 - contrastive_training - INFO - Current Learning rate: 0.000776
2025-04-27 00:24:40,875 - contrastive_training - INFO - Epoch [36/100], Train Loss: 3.1417, Val Loss: 2.8181, Time: 66.41s
2025-04-27 00:24:40,875 - contrastive_training - INFO - No improvement for 11 epochs
2025-04-27 00:25:47,090 - contrastive_training - INFO - Current Learning rate: 0.000762
2025-04-27 00:25:47,090 - contrastive_training - INFO - Epoch [37/100], Train Loss: 3.1413, Val Loss: 2.8180, Time: 66.21s
2025-04-27 00:25:47,090 - contrastive_training - INFO - No improvement for 12 epochs
2025-04-27 00:26:53,022 - contrastive_training - INFO - Current Learning rate: 0.000748
2025-04-27 00:26:53,022 - contrastive_training - INFO - Epoch [38/100], Train Loss: 3.1408, Val Loss: 2.8176, Time: 65.93s
2025-04-27 00:26:53,022 - contrastive_training - INFO - Validation loss improved to 2.8176
2025-04-27 00:27:58,800 - contrastive_training - INFO - Current Learning rate: 0.000733
2025-04-27 00:27:58,800 - contrastive_training - INFO - Epoch [39/100], Train Loss: 3.1448, Val Loss: 2.8174, Time: 65.78s
2025-04-27 00:27:58,801 - contrastive_training - INFO - Validation loss improved to 2.8174
2025-04-27 00:29:04,785 - contrastive_training - INFO - Current Learning rate: 0.000719
2025-04-27 00:29:04,786 - contrastive_training - INFO - Epoch [40/100], Train Loss: 3.1427, Val Loss: 2.8177, Time: 65.99s
2025-04-27 00:29:04,919 - contrastive_training - INFO - Checkpoint saved to checkpoints\checkpoint_epoch_40.pth
2025-04-27 00:29:04,920 - contrastive_training - INFO - Creating embedding visualizations...
2025-04-27 00:29:38,921 - contrastive_training - INFO - No improvement for 1 epochs
2025-04-27 00:30:44,914 - contrastive_training - INFO - Current Learning rate: 0.000704
2025-04-27 00:30:44,914 - contrastive_training - INFO - Epoch [41/100], Train Loss: 3.1417, Val Loss: 2.8174, Time: 65.99s
2025-04-27 00:30:44,914 - contrastive_training - INFO - No improvement for 2 epochs
2025-04-27 00:31:50,912 - contrastive_training - INFO - Current Learning rate: 0.000689
2025-04-27 00:31:50,913 - contrastive_training - INFO - Epoch [42/100], Train Loss: 3.1433, Val Loss: 2.8168, Time: 66.00s
2025-04-27 00:31:50,913 - contrastive_training - INFO - Validation loss improved to 2.8168
2025-04-27 00:32:56,949 - contrastive_training - INFO - Current Learning rate: 0.000673
2025-04-27 00:32:56,949 - contrastive_training - INFO - Epoch [43/100], Train Loss: 3.1472, Val Loss: 2.8167, Time: 66.04s
2025-04-27 00:32:56,949 - contrastive_training - INFO - Validation loss improved to 2.8167
2025-04-27 00:34:03,290 - contrastive_training - INFO - Current Learning rate: 0.000658
2025-04-27 00:34:03,290 - contrastive_training - INFO - Epoch [44/100], Train Loss: 3.1440, Val Loss: 2.8172, Time: 66.34s
2025-04-27 00:34:03,290 - contrastive_training - INFO - No improvement for 1 epochs
2025-04-27 00:35:09,538 - contrastive_training - INFO - Current Learning rate: 0.000642
2025-04-27 00:35:09,538 - contrastive_training - INFO - Epoch [45/100], Train Loss: 3.1438, Val Loss: 2.8168, Time: 66.25s
2025-04-27 00:35:09,667 - contrastive_training - INFO - Checkpoint saved to checkpoints\checkpoint_epoch_45.pth
2025-04-27 00:35:09,667 - contrastive_training - INFO - Creating embedding visualizations...
2025-04-27 00:35:44,025 - contrastive_training - INFO - No improvement for 2 epochs
2025-04-27 00:36:50,820 - contrastive_training - INFO - Current Learning rate: 0.000627
2025-04-27 00:36:50,820 - contrastive_training - INFO - Epoch [46/100], Train Loss: 3.1423, Val Loss: 2.8165, Time: 66.79s
2025-04-27 00:36:50,821 - contrastive_training - INFO - Validation loss improved to 2.8165
2025-04-27 00:37:57,407 - contrastive_training - INFO - Current Learning rate: 0.000611
2025-04-27 00:37:57,407 - contrastive_training - INFO - Epoch [47/100], Train Loss: 3.1404, Val Loss: 2.8172, Time: 66.59s
2025-04-27 00:37:57,408 - contrastive_training - INFO - No improvement for 1 epochs
2025-04-27 00:39:04,023 - contrastive_training - INFO - Current Learning rate: 0.000595
2025-04-27 00:39:04,023 - contrastive_training - INFO - Epoch [48/100], Train Loss: 3.1435, Val Loss: 2.8167, Time: 66.61s
2025-04-27 00:39:04,023 - contrastive_training - INFO - No improvement for 2 epochs
2025-04-27 00:40:10,698 - contrastive_training - INFO - Current Learning rate: 0.000578
2025-04-27 00:40:10,698 - contrastive_training - INFO - Epoch [49/100], Train Loss: 3.1444, Val Loss: 2.8167, Time: 66.67s
2025-04-27 00:40:10,698 - contrastive_training - INFO - No improvement for 3 epochs
2025-04-27 00:41:17,734 - contrastive_training - INFO - Current Learning rate: 0.000562
2025-04-27 00:41:17,734 - contrastive_training - INFO - Epoch [50/100], Train Loss: 3.1434, Val Loss: 2.8166, Time: 67.04s
2025-04-27 00:41:17,862 - contrastive_training - INFO - Checkpoint saved to checkpoints\checkpoint_epoch_50.pth
2025-04-27 00:41:17,862 - contrastive_training - INFO - Creating embedding visualizations...
2025-04-27 00:41:52,889 - contrastive_training - INFO - No improvement for 4 epochs
2025-04-27 00:42:59,568 - contrastive_training - INFO - Current Learning rate: 0.000546
2025-04-27 00:42:59,569 - contrastive_training - INFO - Epoch [51/100], Train Loss: 3.1412, Val Loss: 2.8165, Time: 66.68s
2025-04-27 00:42:59,569 - contrastive_training - INFO - Validation loss improved to 2.8165
2025-04-27 00:44:04,783 - contrastive_training - INFO - Current Learning rate: 0.000530
2025-04-27 00:44:04,783 - contrastive_training - INFO - Epoch [52/100], Train Loss: 3.1430, Val Loss: 2.8165, Time: 65.21s
2025-04-27 00:44:04,784 - contrastive_training - INFO - Validation loss improved to 2.8165
2025-04-27 00:45:09,723 - contrastive_training - INFO - Current Learning rate: 0.000513
2025-04-27 00:45:09,723 - contrastive_training - INFO - Epoch [53/100], Train Loss: 3.1424, Val Loss: 2.8174, Time: 64.94s
2025-04-27 00:45:09,723 - contrastive_training - INFO - No improvement for 1 epochs
2025-04-27 00:46:14,727 - contrastive_training - INFO - Current Learning rate: 0.000497
2025-04-27 00:46:14,728 - contrastive_training - INFO - Epoch [54/100], Train Loss: 3.1434, Val Loss: 2.8171, Time: 65.00s
2025-04-27 00:46:14,728 - contrastive_training - INFO - No improvement for 2 epochs
2025-04-27 00:47:19,684 - contrastive_training - INFO - Current Learning rate: 0.000480
2025-04-27 00:47:19,684 - contrastive_training - INFO - Epoch [55/100], Train Loss: 3.1419, Val Loss: 2.8170, Time: 64.96s
2025-04-27 00:47:19,816 - contrastive_training - INFO - Checkpoint saved to checkpoints\checkpoint_epoch_55.pth
2025-04-27 00:47:19,816 - contrastive_training - INFO - Creating embedding visualizations...
2025-04-27 00:47:53,276 - contrastive_training - INFO - No improvement for 3 epochs
2025-04-27 00:48:58,475 - contrastive_training - INFO - Current Learning rate: 0.000464
2025-04-27 00:48:58,476 - contrastive_training - INFO - Epoch [56/100], Train Loss: 3.1458, Val Loss: 2.8172, Time: 65.20s
2025-04-27 00:48:58,476 - contrastive_training - INFO - No improvement for 4 epochs
