2025-04-28 19:49:03,845 - contrastive_training - INFO - Random seeds set for reproducibility
2025-04-28 19:49:03,845 - contrastive_training - INFO - Training parameters:
2025-04-28 19:49:03,845 - contrastive_training - INFO - Backbone architecture: efficientnet_b3
2025-04-28 19:49:03,845 - contrastive_training - INFO - Batch size: 32
2025-04-28 19:49:03,845 - contrastive_training - INFO - Embedding dimension: 256
2025-04-28 19:49:03,845 - contrastive_training - INFO - Learning rate: 0.0001
2025-04-28 19:49:03,845 - contrastive_training - INFO - Weight decay: 0.05
2025-04-28 19:49:03,934 - contrastive_training - INFO - Dropout: 0.3
2025-04-28 19:49:03,934 - contrastive_training - INFO - Max epochs: 100
2025-04-28 19:49:03,935 - contrastive_training - INFO - Early stopping patience: 20
2025-04-28 19:49:03,935 - contrastive_training - INFO - NT-Xent temperature: 0.05
2025-04-28 19:49:03,935 - contrastive_training - INFO - Hard negative weight: 0.5
2025-04-28 19:49:03,935 - contrastive_training - INFO - Mixup alpha: 0.4
2025-04-28 19:49:03,935 - contrastive_training - INFO - Number of views: 2
2025-04-28 19:49:03,963 - contrastive_training - INFO - Using device: cuda
2025-04-28 19:49:04,342 - contrastive_training - INFO - Training dataset loaded with 1247 samples
2025-04-28 19:49:05,114 - contrastive_training - INFO - Dataset split: Train=872, Val=187, Test=188
2025-04-28 19:49:05,145 - contrastive_training - INFO - Song embedding dimension: 128
2025-04-28 19:49:05,280 - contrastive_training - INFO - Model initialized with efficientnet_b3 backbone
2025-04-28 19:49:05,926 - contrastive_training - INFO - Optimizer and scheduler initialized
2025-04-28 19:49:05,926 - contrastive_training - INFO - Starting enhanced training...
2025-04-28 19:49:06,115 - contrastive_training - INFO - Starting enhanced training with multiple views on device: cuda
