2025-04-26 14:45:26,127 - contrastive_training - INFO - Random seeds set for reproducibility
2025-04-26 14:45:26,127 - contrastive_training - INFO - Training parameters:
2025-04-26 14:45:26,127 - contrastive_training - INFO - Batch size: 8
2025-04-26 14:45:26,127 - contrastive_training - INFO - Embedding dimension: 64
2025-04-26 14:45:26,127 - contrastive_training - INFO - Learning rate: 0.0001
2025-04-26 14:45:26,128 - contrastive_training - INFO - Weight decay: 0.0002
2025-04-26 14:45:26,128 - contrastive_training - INFO - Max epochs: 200
2025-04-26 14:45:26,128 - contrastive_training - INFO - Early stopping patience: 20
2025-04-26 14:45:26,128 - contrastive_training - INFO - NT-Xent temperature: 0.1
2025-04-26 14:45:26,160 - contrastive_training - INFO - Using device: cuda
2025-04-26 14:45:26,160 - contrastive_training - INFO - Data path: essentia_audio_encoder/final-sample-dataset/data.csv
2025-04-26 14:45:26,160 - contrastive_training - INFO - Image folder: essentia_audio_encoder/final-sample-dataset/images
2025-04-26 14:45:26,234 - contrastive_training - INFO - Dataset successfully loaded with 459 samples
2025-04-26 14:45:26,282 - contrastive_training - INFO - Song embedding dimension: 72
2025-04-26 14:45:35,269 - contrastive_training - INFO - Train set: 367 samples
2025-04-26 14:45:35,269 - contrastive_training - INFO - Validation set: 46 samples
2025-04-26 14:45:35,269 - contrastive_training - INFO - Test set: 46 samples
2025-04-26 14:45:35,269 - contrastive_training - INFO - Actual batch sizes - Train: 8, Val: 8, Test: 8
2025-04-26 14:45:35,270 - contrastive_training - INFO - DataLoaders created successfully
2025-04-26 14:45:35,578 - contrastive_training - INFO - Model initialized successfully
2025-04-26 14:45:35,579 - contrastive_training - INFO - Optimizer and scheduler initialized
2025-04-26 14:45:35,579 - contrastive_training - INFO - Starting training...
2025-04-26 14:45:35,773 - contrastive_training - INFO - Starting training on device: cuda
2025-04-26 14:45:35,773 - contrastive_training - INFO - Number of training batches: 46
2025-04-26 14:45:35,773 - contrastive_training - INFO - Number of validation batches: 6
2025-04-26 14:46:23,733 - contrastive_training - INFO - Epoch [1/200], Train Loss: 2.6774, Val Loss: 2.4630, Time: 47.96s
2025-04-26 14:46:23,733 - contrastive_training - INFO - Creating embedding visualizations...
2025-04-26 14:46:44,139 - contrastive_training - INFO - Validation loss improved to 2.4630
2025-04-26 14:47:30,226 - contrastive_training - INFO - Epoch [2/200], Train Loss: 2.5743, Val Loss: 2.4321, Time: 46.09s
2025-04-26 14:47:30,228 - contrastive_training - INFO - Validation loss improved to 2.4321
2025-04-26 14:48:16,468 - contrastive_training - INFO - Epoch [3/200], Train Loss: 2.5266, Val Loss: 2.6022, Time: 46.24s
2025-04-26 14:48:16,468 - contrastive_training - INFO - No improvement for 1 epochs
2025-04-26 14:49:02,461 - contrastive_training - INFO - Epoch [4/200], Train Loss: 2.3537, Val Loss: 2.5651, Time: 45.99s
2025-04-26 14:49:02,461 - contrastive_training - INFO - No improvement for 2 epochs
2025-04-26 14:49:48,247 - contrastive_training - INFO - Epoch [5/200], Train Loss: 2.2338, Val Loss: 2.7581, Time: 45.79s
2025-04-26 14:49:48,247 - contrastive_training - INFO - No improvement for 3 epochs
2025-04-26 14:50:34,005 - contrastive_training - INFO - Epoch [6/200], Train Loss: 2.2577, Val Loss: 2.8203, Time: 45.76s
2025-04-26 14:50:34,005 - contrastive_training - INFO - No improvement for 4 epochs
2025-04-26 14:51:19,830 - contrastive_training - INFO - Epoch [7/200], Train Loss: 2.0941, Val Loss: 2.7097, Time: 45.83s
2025-04-26 14:51:19,831 - contrastive_training - INFO - No improvement for 5 epochs
2025-04-26 14:52:05,717 - contrastive_training - INFO - Epoch [8/200], Train Loss: 1.9773, Val Loss: 3.1891, Time: 45.89s
2025-04-26 14:52:05,718 - contrastive_training - INFO - No improvement for 6 epochs
2025-04-26 14:52:51,579 - contrastive_training - INFO - Epoch [9/200], Train Loss: 1.9638, Val Loss: 2.9325, Time: 45.86s
2025-04-26 14:52:51,579 - contrastive_training - INFO - No improvement for 7 epochs
2025-04-26 14:53:37,768 - contrastive_training - INFO - Epoch [10/200], Train Loss: 1.8098, Val Loss: 3.2907, Time: 46.19s
2025-04-26 14:53:38,072 - contrastive_training - INFO - Checkpoint saved to checkpoints\checkpoint_epoch_10.pth
2025-04-26 14:53:38,072 - contrastive_training - INFO - Creating embedding visualizations...
2025-04-26 14:53:48,677 - contrastive_training - INFO - No improvement for 8 epochs
2025-04-26 14:54:34,648 - contrastive_training - INFO - Epoch [11/200], Train Loss: 1.7288, Val Loss: 3.2462, Time: 45.97s
2025-04-26 14:54:34,648 - contrastive_training - INFO - No improvement for 9 epochs
2025-04-26 14:55:20,530 - contrastive_training - INFO - Epoch [12/200], Train Loss: 1.7467, Val Loss: 3.1732, Time: 45.88s
2025-04-26 14:55:20,530 - contrastive_training - INFO - No improvement for 10 epochs
2025-04-26 14:56:06,500 - contrastive_training - INFO - Epoch [13/200], Train Loss: 1.6449, Val Loss: 3.3118, Time: 45.97s
2025-04-26 14:56:06,500 - contrastive_training - INFO - No improvement for 11 epochs
2025-04-26 14:56:52,502 - contrastive_training - INFO - Epoch [14/200], Train Loss: 1.6292, Val Loss: 3.7654, Time: 46.00s
2025-04-26 14:56:52,502 - contrastive_training - INFO - No improvement for 12 epochs
2025-04-26 14:57:38,471 - contrastive_training - INFO - Epoch [15/200], Train Loss: 1.4118, Val Loss: 3.3163, Time: 45.97s
2025-04-26 14:57:38,471 - contrastive_training - INFO - No improvement for 13 epochs
2025-04-26 14:58:24,463 - contrastive_training - INFO - Epoch [16/200], Train Loss: 1.3885, Val Loss: 3.6925, Time: 45.99s
2025-04-26 14:58:24,463 - contrastive_training - INFO - No improvement for 14 epochs
2025-04-26 14:59:10,703 - contrastive_training - INFO - Epoch [17/200], Train Loss: 1.4511, Val Loss: 3.9950, Time: 46.24s
2025-04-26 14:59:10,703 - contrastive_training - INFO - No improvement for 15 epochs
2025-04-26 14:59:56,720 - contrastive_training - INFO - Epoch [18/200], Train Loss: 1.3318, Val Loss: 3.8994, Time: 46.02s
2025-04-26 14:59:56,720 - contrastive_training - INFO - No improvement for 16 epochs
2025-04-26 15:00:42,625 - contrastive_training - INFO - Epoch [19/200], Train Loss: 1.3314, Val Loss: 3.9369, Time: 45.90s
2025-04-26 15:00:42,625 - contrastive_training - INFO - No improvement for 17 epochs
2025-04-26 15:01:28,523 - contrastive_training - INFO - Epoch [20/200], Train Loss: 1.3130, Val Loss: 4.0936, Time: 45.90s
2025-04-26 15:01:28,798 - contrastive_training - INFO - Checkpoint saved to checkpoints\checkpoint_epoch_20.pth
2025-04-26 15:01:28,798 - contrastive_training - INFO - Creating embedding visualizations...
2025-04-26 15:01:39,548 - contrastive_training - INFO - No improvement for 18 epochs
2025-04-26 15:02:25,782 - contrastive_training - INFO - Epoch [21/200], Train Loss: 1.2863, Val Loss: 4.1938, Time: 46.23s
2025-04-26 15:02:25,782 - contrastive_training - INFO - No improvement for 19 epochs
2025-04-26 15:03:11,738 - contrastive_training - INFO - Epoch [22/200], Train Loss: 1.1926, Val Loss: 4.1055, Time: 45.96s
2025-04-26 15:03:11,738 - contrastive_training - INFO - No improvement for 20 epochs
2025-04-26 15:03:11,738 - contrastive_training - INFO - Early stopping triggered after 22 epochs
2025-04-26 15:03:11,840 - contrastive_training - INFO - Best model saved to checkpoints\best_model.pth
2025-04-26 15:03:11,840 - contrastive_training - INFO - 
Training Summary:
2025-04-26 15:03:11,840 - contrastive_training - INFO - Total training time: 1056.07 seconds
2025-04-26 15:03:11,840 - contrastive_training - INFO - Best validation loss: 2.4321 (achieved on epoch 2)
2025-04-26 15:03:11,840 - contrastive_training - INFO - Plotting training history...
2025-04-26 15:03:12,031 - contrastive_training - INFO - Training history plot saved to contrastive_training_history.png
