2025-05-11 19:13:41,820 - contrastive_training - INFO - Random seeds set for reproducibility
2025-05-11 19:13:41,820 - contrastive_training - INFO - Training parameters:
2025-05-11 19:13:41,820 - contrastive_training - INFO - Backbone architecture: resnet18
2025-05-11 19:13:41,820 - contrastive_training - INFO - Batch size: 16
2025-05-11 19:13:41,820 - contrastive_training - INFO - Embedding dimension: 128
2025-05-11 19:13:41,820 - contrastive_training - INFO - Learning rate: 0.0001
2025-05-11 19:13:41,820 - contrastive_training - INFO - Weight decay: 0.0001
2025-05-11 19:13:41,820 - contrastive_training - INFO - Max epochs: 75
2025-05-11 19:13:41,820 - contrastive_training - INFO - Early stopping patience: 10
2025-05-11 19:13:41,820 - contrastive_training - INFO - NT-Xent temperature: 0.07
2025-05-11 19:13:41,820 - contrastive_training - INFO - Hard negative weight: 0.2
2025-05-11 19:13:41,820 - contrastive_training - INFO - Mixup alpha: 0.2
2025-05-11 19:13:41,826 - contrastive_training - INFO - Using device: cpu
2025-05-11 19:13:41,826 - contrastive_training - INFO - Data path: data/csv_files/data_cleaned.csv
2025-05-11 19:13:41,826 - contrastive_training - INFO - Image folder: data/final-sample-dataset/images
2025-05-11 19:13:41,952 - contrastive_training - INFO - Dataset successfully loaded with 1179 samples
2025-05-11 19:13:41,972 - contrastive_training - INFO - Song embedding dimension: 64
2025-05-11 19:13:58,226 - contrastive_training - INFO - Train set: 825 samples
2025-05-11 19:13:58,227 - contrastive_training - INFO - Validation set: 177 samples
2025-05-11 19:13:58,227 - contrastive_training - INFO - Test set: 177 samples
2025-05-11 19:13:58,227 - contrastive_training - INFO - Actual batch sizes - Train: 16, Val: 16, Test: 16
2025-05-11 19:13:58,227 - contrastive_training - INFO - DataLoaders created successfully
