2025-04-28 19:54:01,840 - contrastive_training - INFO - Random seeds set for reproducibility
2025-04-28 19:54:01,840 - contrastive_training - INFO - Training parameters:
2025-04-28 19:54:01,841 - contrastive_training - INFO - Backbone architecture: efficientnet_b3
2025-04-28 19:54:01,841 - contrastive_training - INFO - Batch size: 24
2025-04-28 19:54:01,841 - contrastive_training - INFO - Embedding dimension: 128
2025-04-28 19:54:01,841 - contrastive_training - INFO - Learning rate: 0.0001
2025-04-28 19:54:01,841 - contrastive_training - INFO - Weight decay: 0.05
2025-04-28 19:54:01,842 - contrastive_training - INFO - Dropout: 0.3
2025-04-28 19:54:01,842 - contrastive_training - INFO - Max epochs: 100
2025-04-28 19:54:01,842 - contrastive_training - INFO - Early stopping patience: 20
2025-04-28 19:54:01,842 - contrastive_training - INFO - NT-Xent temperature: 0.05
2025-04-28 19:54:01,842 - contrastive_training - INFO - Hard negative weight: 0.5
2025-04-28 19:54:01,842 - contrastive_training - INFO - Mixup alpha: 0.4
2025-04-28 19:54:01,842 - contrastive_training - INFO - Number of views: 2
2025-04-28 19:54:01,867 - contrastive_training - INFO - Using device: cuda
2025-04-28 19:54:02,260 - contrastive_training - INFO - Training dataset loaded with 1247 samples
2025-04-28 19:54:03,001 - contrastive_training - INFO - Dataset split: Train=872, Val=187, Test=188
2025-04-28 19:54:03,030 - contrastive_training - INFO - Song embedding dimension: 128
2025-04-28 19:54:03,147 - contrastive_training - INFO - Model initialized with efficientnet_b3 backbone
2025-04-28 19:54:03,587 - contrastive_training - INFO - Optimizer and scheduler initialized
2025-04-28 19:54:03,588 - contrastive_training - INFO - Starting enhanced training...
2025-04-28 19:54:03,743 - contrastive_training - INFO - Starting enhanced training with multiple views on device: cuda
2025-04-28 19:55:50,714 - contrastive_training - INFO - Recalls: R@1: 0.00%, R@5: 1.07%, R@10: 3.21%
2025-04-28 19:56:05,137 - contrastive_training - INFO - Current Learning rate: 0.000000
2025-04-28 19:56:05,137 - contrastive_training - INFO - Epoch [1/100], Train Loss: 5.5792, Val Loss: 5.6644, Time: 121.39s
2025-04-28 19:56:05,137 - contrastive_training - INFO - No improvement for 1 epochs
2025-04-28 19:57:44,590 - contrastive_training - INFO - Recalls: R@1: 0.00%, R@5: 0.53%, R@10: 1.60%
2025-04-28 19:57:44,591 - contrastive_training - INFO - Current Learning rate: 0.000001
2025-04-28 19:57:44,591 - contrastive_training - INFO - Epoch [2/100], Train Loss: 5.6037, Val Loss: 5.5587, Time: 99.45s
2025-04-28 19:57:44,591 - contrastive_training - INFO - No improvement for 2 epochs
2025-04-28 19:59:24,629 - contrastive_training - INFO - Recalls: R@1: 0.00%, R@5: 2.14%, R@10: 2.67%
2025-04-28 19:59:24,629 - contrastive_training - INFO - Current Learning rate: 0.000001
2025-04-28 19:59:24,630 - contrastive_training - INFO - Epoch [3/100], Train Loss: 5.4998, Val Loss: 5.6653, Time: 100.04s
2025-04-28 19:59:24,630 - contrastive_training - INFO - No improvement for 3 epochs
2025-04-28 20:01:05,020 - contrastive_training - INFO - Recalls: R@1: 0.00%, R@5: 1.07%, R@10: 3.21%
2025-04-28 20:01:05,021 - contrastive_training - INFO - Current Learning rate: 0.000001
2025-04-28 20:01:05,021 - contrastive_training - INFO - Epoch [4/100], Train Loss: 5.5758, Val Loss: 5.6431, Time: 100.39s
2025-04-28 20:01:05,021 - contrastive_training - INFO - No improvement for 4 epochs
