2025-04-26 16:27:49,828 - contrastive_training - INFO - Random seeds set for reproducibility
2025-04-26 16:27:49,828 - contrastive_training - INFO - Training parameters:
2025-04-26 16:27:49,828 - contrastive_training - INFO - Backbone architecture: resnet18
2025-04-26 16:27:49,828 - contrastive_training - INFO - Batch size: 8
2025-04-26 16:27:49,829 - contrastive_training - INFO - Embedding dimension: 64
2025-04-26 16:27:49,829 - contrastive_training - INFO - Learning rate: 0.0005
2025-04-26 16:27:49,829 - contrastive_training - INFO - Weight decay: 0.0001
2025-04-26 16:27:49,830 - contrastive_training - INFO - Max epochs: 100
2025-04-26 16:27:49,830 - contrastive_training - INFO - Early stopping patience: 15
2025-04-26 16:27:49,830 - contrastive_training - INFO - NT-Xent temperature: 0.1
2025-04-26 16:27:49,830 - contrastive_training - INFO - Hard negative weight: 0.5
2025-04-26 16:27:49,830 - contrastive_training - INFO - Mixup alpha: 0.2
2025-04-26 16:27:49,854 - contrastive_training - INFO - Using device: cuda
2025-04-26 16:27:49,854 - contrastive_training - INFO - Data path: essentia_audio_encoder/final-sample-dataset/data.csv
2025-04-26 16:27:49,854 - contrastive_training - INFO - Image folder: essentia_audio_encoder/final-sample-dataset/images
2025-04-26 16:27:49,917 - contrastive_training - INFO - Dataset successfully loaded with 459 samples
2025-04-26 16:27:49,943 - contrastive_training - INFO - Song embedding dimension: 72
2025-04-26 16:27:57,279 - contrastive_training - INFO - Train set: 321 samples
2025-04-26 16:27:57,279 - contrastive_training - INFO - Validation set: 69 samples
2025-04-26 16:27:57,279 - contrastive_training - INFO - Test set: 69 samples
2025-04-26 16:27:57,279 - contrastive_training - INFO - Actual batch sizes - Train: 8, Val: 8, Test: 8
2025-04-26 16:27:57,280 - contrastive_training - INFO - DataLoaders created successfully
2025-04-26 16:27:58,184 - contrastive_training - INFO - Model initialized successfully with resnet18 backbone
