2025-04-28 21:03:45,719 - contrastive_training - INFO - Random seeds set for reproducibility
2025-04-28 21:03:45,719 - contrastive_training - INFO - Training parameters:
2025-04-28 21:03:45,719 - contrastive_training - INFO - Backbone architecture: resnet18
2025-04-28 21:03:45,719 - contrastive_training - INFO - Batch size: 16
2025-04-28 21:03:45,719 - contrastive_training - INFO - Embedding dimension: 128
2025-04-28 21:03:45,719 - contrastive_training - INFO - Learning rate: 0.0003
2025-04-28 21:03:45,719 - contrastive_training - INFO - Weight decay: 0.0001
2025-04-28 21:03:45,719 - contrastive_training - INFO - Max epochs: 300
2025-04-28 21:03:45,719 - contrastive_training - INFO - Early stopping patience: 15
2025-04-28 21:03:45,719 - contrastive_training - INFO - NT-Xent temperature: 0.05
2025-04-28 21:03:45,719 - contrastive_training - INFO - Hard negative weight: 0.2
2025-04-28 21:03:45,719 - contrastive_training - INFO - Mixup alpha: 0.4
2025-04-28 21:03:45,733 - contrastive_training - INFO - Using device: cuda
2025-04-28 21:03:45,733 - contrastive_training - INFO - Data path: data/csv files/rawr_dinosaur.csv
2025-04-28 21:03:45,733 - contrastive_training - INFO - Image folder: data/final-sample-dataset/images
2025-04-28 21:03:45,983 - contrastive_training - INFO - Dataset successfully loaded with 1247 samples
2025-04-28 21:03:46,002 - contrastive_training - INFO - Song embedding dimension: 128
2025-04-28 21:04:02,388 - contrastive_training - INFO - Train set: 872 samples
2025-04-28 21:04:02,388 - contrastive_training - INFO - Validation set: 187 samples
2025-04-28 21:04:02,388 - contrastive_training - INFO - Test set: 188 samples
2025-04-28 21:04:02,388 - contrastive_training - INFO - Actual batch sizes - Train: 16, Val: 16, Test: 16
2025-04-28 21:04:02,388 - contrastive_training - INFO - DataLoaders created successfully
2025-04-28 21:04:02,499 - contrastive_training - INFO - Model initialized successfully with resnet18 backbone
2025-04-28 21:04:02,500 - contrastive_training - INFO - Optimizer and scheduler initialized
2025-04-28 21:04:02,500 - contrastive_training - INFO - Starting training...
2025-04-28 21:04:02,594 - contrastive_training - INFO - Starting enhanced training on device: cuda
2025-04-28 21:04:05,150 - contrastive_training - INFO - Recalls: R@1: 0.53%, R@5: 1.60%, R@10: 3.74%
2025-04-28 21:04:05,150 - contrastive_training - INFO - Current Learning rate: 0.000033
2025-04-28 21:04:05,150 - contrastive_training - INFO - Epoch [1/300], Train Loss: 4.1629, Val Loss: 3.9152, Time: 2.56s
2025-04-28 21:04:05,150 - contrastive_training - INFO - Creating embedding visualizations...
2025-04-28 21:04:12,691 - contrastive_training - INFO - Recall@1 improved to 0.53%
2025-04-28 21:04:14,872 - contrastive_training - INFO - Recalls: R@1: 0.53%, R@5: 2.14%, R@10: 5.35%
2025-04-28 21:04:14,872 - contrastive_training - INFO - Current Learning rate: 0.000062
2025-04-28 21:04:14,872 - contrastive_training - INFO - Epoch [2/300], Train Loss: 4.1517, Val Loss: 3.8696, Time: 2.18s
2025-04-28 21:04:14,872 - contrastive_training - INFO - No improvement for 1 epochs
2025-04-28 21:04:16,993 - contrastive_training - INFO - Recalls: R@1: 0.53%, R@5: 3.21%, R@10: 5.35%
2025-04-28 21:04:16,993 - contrastive_training - INFO - Current Learning rate: 0.000092
2025-04-28 21:04:16,993 - contrastive_training - INFO - Epoch [3/300], Train Loss: 3.9733, Val Loss: 3.7917, Time: 2.12s
2025-04-28 21:04:16,993 - contrastive_training - INFO - No improvement for 2 epochs
2025-04-28 21:04:19,111 - contrastive_training - INFO - Recalls: R@1: 1.07%, R@5: 3.74%, R@10: 8.02%
2025-04-28 21:04:19,111 - contrastive_training - INFO - Current Learning rate: 0.000122
2025-04-28 21:04:19,111 - contrastive_training - INFO - Epoch [4/300], Train Loss: 3.8633, Val Loss: 3.6831, Time: 2.12s
2025-04-28 21:04:19,112 - contrastive_training - INFO - Recall@1 improved to 1.07%
2025-04-28 21:04:21,230 - contrastive_training - INFO - Recalls: R@1: 1.07%, R@5: 3.21%, R@10: 5.35%
2025-04-28 21:04:21,230 - contrastive_training - INFO - Current Learning rate: 0.000151
2025-04-28 21:04:21,230 - contrastive_training - INFO - Epoch [5/300], Train Loss: 3.8268, Val Loss: 3.5627, Time: 2.12s
2025-04-28 21:04:21,230 - contrastive_training - INFO - Creating embedding visualizations...
2025-04-28 21:04:23,130 - contrastive_training - INFO - No improvement for 1 epochs
2025-04-28 21:04:25,330 - contrastive_training - INFO - Recalls: R@1: 1.07%, R@5: 4.28%, R@10: 7.49%
2025-04-28 21:04:25,331 - contrastive_training - INFO - Current Learning rate: 0.000181
2025-04-28 21:04:25,331 - contrastive_training - INFO - Epoch [6/300], Train Loss: 3.7499, Val Loss: 3.5701, Time: 2.20s
2025-04-28 21:04:25,331 - contrastive_training - INFO - No improvement for 2 epochs
2025-04-28 21:04:27,476 - contrastive_training - INFO - Recalls: R@1: 1.07%, R@5: 5.35%, R@10: 10.70%
2025-04-28 21:04:27,477 - contrastive_training - INFO - Current Learning rate: 0.000211
2025-04-28 21:04:27,477 - contrastive_training - INFO - Epoch [7/300], Train Loss: 3.6910, Val Loss: 3.6052, Time: 2.15s
2025-04-28 21:04:27,477 - contrastive_training - INFO - No improvement for 3 epochs
2025-04-28 21:04:29,622 - contrastive_training - INFO - Recalls: R@1: 0.53%, R@5: 5.35%, R@10: 10.16%
2025-04-28 21:04:29,622 - contrastive_training - INFO - Current Learning rate: 0.000241
2025-04-28 21:04:29,622 - contrastive_training - INFO - Epoch [8/300], Train Loss: 3.6777, Val Loss: 3.6209, Time: 2.15s
2025-04-28 21:04:29,622 - contrastive_training - INFO - No improvement for 4 epochs
2025-04-28 21:04:31,763 - contrastive_training - INFO - Recalls: R@1: 1.07%, R@5: 5.35%, R@10: 9.09%
2025-04-28 21:04:31,763 - contrastive_training - INFO - Current Learning rate: 0.000270
2025-04-28 21:04:31,764 - contrastive_training - INFO - Epoch [9/300], Train Loss: 3.6902, Val Loss: 3.6774, Time: 2.14s
2025-04-28 21:04:31,764 - contrastive_training - INFO - No improvement for 5 epochs
2025-04-28 21:04:33,899 - contrastive_training - INFO - Recalls: R@1: 0.00%, R@5: 4.28%, R@10: 7.49%
2025-04-28 21:04:33,899 - contrastive_training - INFO - Current Learning rate: 0.000300
2025-04-28 21:04:33,899 - contrastive_training - INFO - Epoch [10/300], Train Loss: 3.7169, Val Loss: 3.7163, Time: 2.14s
2025-04-28 21:04:33,899 - contrastive_training - INFO - Creating embedding visualizations...
2025-04-28 21:04:35,834 - contrastive_training - INFO - No improvement for 6 epochs
2025-04-28 21:04:37,990 - contrastive_training - INFO - Recalls: R@1: 1.07%, R@5: 4.28%, R@10: 7.49%
2025-04-28 21:04:37,990 - contrastive_training - INFO - Current Learning rate: 0.000300
2025-04-28 21:04:37,990 - contrastive_training - INFO - Epoch [11/300], Train Loss: 3.7499, Val Loss: 3.7703, Time: 2.16s
2025-04-28 21:04:37,990 - contrastive_training - INFO - No improvement for 7 epochs
2025-04-28 21:04:40,140 - contrastive_training - INFO - Recalls: R@1: 1.60%, R@5: 5.35%, R@10: 6.42%
2025-04-28 21:04:40,140 - contrastive_training - INFO - Current Learning rate: 0.000300
2025-04-28 21:04:40,140 - contrastive_training - INFO - Epoch [12/300], Train Loss: 3.7742, Val Loss: 3.8212, Time: 2.15s
2025-04-28 21:04:40,141 - contrastive_training - INFO - Recall@1 improved to 1.60%
2025-04-28 21:04:42,298 - contrastive_training - INFO - Recalls: R@1: 1.07%, R@5: 5.35%, R@10: 6.95%
2025-04-28 21:04:42,299 - contrastive_training - INFO - Current Learning rate: 0.000300
2025-04-28 21:04:42,299 - contrastive_training - INFO - Epoch [13/300], Train Loss: 3.8240, Val Loss: 3.8618, Time: 2.16s
2025-04-28 21:04:42,299 - contrastive_training - INFO - No improvement for 1 epochs
2025-04-28 21:04:44,492 - contrastive_training - INFO - Recalls: R@1: 1.07%, R@5: 5.35%, R@10: 6.42%
2025-04-28 21:04:44,492 - contrastive_training - INFO - Current Learning rate: 0.000300
2025-04-28 21:04:44,492 - contrastive_training - INFO - Epoch [14/300], Train Loss: 3.8655, Val Loss: 3.9249, Time: 2.19s
2025-04-28 21:04:44,492 - contrastive_training - INFO - No improvement for 2 epochs
2025-04-28 21:04:46,658 - contrastive_training - INFO - Recalls: R@1: 1.07%, R@5: 2.14%, R@10: 6.95%
2025-04-28 21:04:46,658 - contrastive_training - INFO - Current Learning rate: 0.000300
2025-04-28 21:04:46,658 - contrastive_training - INFO - Epoch [15/300], Train Loss: 3.9138, Val Loss: 3.9850, Time: 2.17s
2025-04-28 21:04:46,658 - contrastive_training - INFO - Creating embedding visualizations...
2025-04-28 21:04:48,572 - contrastive_training - INFO - No improvement for 3 epochs
2025-04-28 21:04:50,750 - contrastive_training - INFO - Recalls: R@1: 1.07%, R@5: 3.21%, R@10: 6.95%
2025-04-28 21:04:50,751 - contrastive_training - INFO - Current Learning rate: 0.000300
2025-04-28 21:04:50,751 - contrastive_training - INFO - Epoch [16/300], Train Loss: 3.9529, Val Loss: 4.0402, Time: 2.18s
2025-04-28 21:04:50,751 - contrastive_training - INFO - No improvement for 4 epochs
2025-04-28 21:04:52,907 - contrastive_training - INFO - Recalls: R@1: 1.07%, R@5: 5.35%, R@10: 7.49%
2025-04-28 21:04:52,908 - contrastive_training - INFO - Current Learning rate: 0.000300
2025-04-28 21:04:52,908 - contrastive_training - INFO - Epoch [17/300], Train Loss: 4.0040, Val Loss: 4.0813, Time: 2.16s
2025-04-28 21:04:52,908 - contrastive_training - INFO - No improvement for 5 epochs
2025-04-28 21:04:55,075 - contrastive_training - INFO - Recalls: R@1: 0.53%, R@5: 3.74%, R@10: 9.09%
2025-04-28 21:04:55,075 - contrastive_training - INFO - Current Learning rate: 0.000299
2025-04-28 21:04:55,075 - contrastive_training - INFO - Epoch [18/300], Train Loss: 4.0617, Val Loss: 4.1588, Time: 2.17s
2025-04-28 21:04:55,075 - contrastive_training - INFO - No improvement for 6 epochs
2025-04-28 21:04:57,229 - contrastive_training - INFO - Recalls: R@1: 0.53%, R@5: 4.28%, R@10: 5.88%
2025-04-28 21:04:57,229 - contrastive_training - INFO - Current Learning rate: 0.000299
2025-04-28 21:04:57,230 - contrastive_training - INFO - Epoch [19/300], Train Loss: 4.1038, Val Loss: 4.1998, Time: 2.15s
2025-04-28 21:04:57,230 - contrastive_training - INFO - No improvement for 7 epochs
2025-04-28 21:04:59,391 - contrastive_training - INFO - Recalls: R@1: 0.00%, R@5: 1.07%, R@10: 2.67%
2025-04-28 21:04:59,392 - contrastive_training - INFO - Current Learning rate: 0.000299
2025-04-28 21:04:59,392 - contrastive_training - INFO - Epoch [20/300], Train Loss: 4.1567, Val Loss: 4.3182, Time: 2.16s
2025-04-28 21:04:59,392 - contrastive_training - INFO - Creating embedding visualizations...
2025-04-28 21:05:01,428 - contrastive_training - INFO - No improvement for 8 epochs
2025-04-28 21:05:03,594 - contrastive_training - INFO - Recalls: R@1: 1.07%, R@5: 3.74%, R@10: 8.02%
2025-04-28 21:05:03,594 - contrastive_training - INFO - Current Learning rate: 0.000299
2025-04-28 21:05:03,594 - contrastive_training - INFO - Epoch [21/300], Train Loss: 4.2005, Val Loss: 4.3210, Time: 2.17s
2025-04-28 21:05:03,594 - contrastive_training - INFO - No improvement for 9 epochs
2025-04-28 21:05:05,744 - contrastive_training - INFO - Recalls: R@1: 1.07%, R@5: 2.14%, R@10: 4.81%
2025-04-28 21:05:05,744 - contrastive_training - INFO - Current Learning rate: 0.000299
2025-04-28 21:05:05,744 - contrastive_training - INFO - Epoch [22/300], Train Loss: 4.2577, Val Loss: 4.3790, Time: 2.15s
2025-04-28 21:05:05,744 - contrastive_training - INFO - No improvement for 10 epochs
2025-04-28 21:05:07,888 - contrastive_training - INFO - Recalls: R@1: 0.53%, R@5: 0.53%, R@10: 5.35%
2025-04-28 21:05:07,888 - contrastive_training - INFO - Current Learning rate: 0.000299
2025-04-28 21:05:07,888 - contrastive_training - INFO - Epoch [23/300], Train Loss: 4.3011, Val Loss: 4.4436, Time: 2.14s
2025-04-28 21:05:07,888 - contrastive_training - INFO - No improvement for 11 epochs
2025-04-28 21:05:10,032 - contrastive_training - INFO - Recalls: R@1: 0.53%, R@5: 2.14%, R@10: 5.88%
2025-04-28 21:05:10,033 - contrastive_training - INFO - Current Learning rate: 0.000298
2025-04-28 21:05:10,033 - contrastive_training - INFO - Epoch [24/300], Train Loss: 4.3538, Val Loss: 4.4791, Time: 2.14s
2025-04-28 21:05:10,033 - contrastive_training - INFO - No improvement for 12 epochs
2025-04-28 21:05:12,184 - contrastive_training - INFO - Recalls: R@1: 1.07%, R@5: 2.67%, R@10: 5.35%
2025-04-28 21:05:12,184 - contrastive_training - INFO - Current Learning rate: 0.000298
2025-04-28 21:05:12,184 - contrastive_training - INFO - Epoch [25/300], Train Loss: 4.4292, Val Loss: 4.4816, Time: 2.15s
2025-04-28 21:05:12,184 - contrastive_training - INFO - Creating embedding visualizations...
2025-04-28 21:05:13,993 - contrastive_training - INFO - No improvement for 13 epochs
2025-04-28 21:05:16,174 - contrastive_training - INFO - Recalls: R@1: 0.53%, R@5: 3.21%, R@10: 5.88%
2025-04-28 21:05:16,174 - contrastive_training - INFO - Current Learning rate: 0.000298
2025-04-28 21:05:16,175 - contrastive_training - INFO - Epoch [26/300], Train Loss: 4.4729, Val Loss: 4.6221, Time: 2.18s
2025-04-28 21:05:16,175 - contrastive_training - INFO - No improvement for 14 epochs
2025-04-28 21:05:18,350 - contrastive_training - INFO - Recalls: R@1: 0.53%, R@5: 1.60%, R@10: 2.67%
2025-04-28 21:05:18,350 - contrastive_training - INFO - Current Learning rate: 0.000298
2025-04-28 21:05:18,350 - contrastive_training - INFO - Epoch [27/300], Train Loss: 4.5527, Val Loss: 4.6851, Time: 2.18s
2025-04-28 21:05:18,350 - contrastive_training - INFO - No improvement for 15 epochs
2025-04-28 21:05:18,350 - contrastive_training - INFO - Early stopping triggered after 27 epochs
2025-04-28 21:05:18,411 - contrastive_training - INFO - 
Training Summary:
2025-04-28 21:05:18,411 - contrastive_training - INFO - Total training time: 75.82 seconds
2025-04-28 21:05:18,411 - contrastive_training - INFO - Best Recall@1: 1.60% (achieved on epoch 12)
2025-04-28 21:05:18,411 - contrastive_training - INFO - Plotting training history...
2025-04-28 21:05:18,596 - contrastive_training - INFO - Training history plot saved to contrastive_training_history.png
2025-04-28 21:05:24,905 - contrastive_training - INFO - Training completed and model saved as contrastive_model_resnet18.pth!
2025-04-28 21:05:24,905 - contrastive_training - INFO - 
Evaluating on test set...
2025-04-28 21:05:25,297 - contrastive_training - INFO - Test Loss: 2.8594
2025-04-28 21:05:25,297 - contrastive_training - INFO - Top-5 matching accuracy on test set: 37.77%
