2025-04-28 17:24:44,570 - contrastive_training - INFO - Random seeds set for reproducibility
2025-04-28 17:24:44,570 - contrastive_training - INFO - Training parameters:
2025-04-28 17:24:44,571 - contrastive_training - INFO - Backbone architecture: resnet18
2025-04-28 17:24:44,571 - contrastive_training - INFO - Batch size: 32
2025-04-28 17:24:44,571 - contrastive_training - INFO - Embedding dimension: 128
2025-04-28 17:24:44,571 - contrastive_training - INFO - Learning rate: 0.0002
2025-04-28 17:24:44,571 - contrastive_training - INFO - Weight decay: 0.001
2025-04-28 17:24:44,575 - contrastive_training - INFO - Max epochs: 300
2025-04-28 17:24:44,575 - contrastive_training - INFO - Early stopping patience: 30
2025-04-28 17:24:44,575 - contrastive_training - INFO - NT-Xent temperature: 0.05
2025-04-28 17:24:44,575 - contrastive_training - INFO - Hard negative weight: 0.5
2025-04-28 17:24:44,575 - contrastive_training - INFO - Mixup alpha: 0.2
2025-04-28 17:24:44,598 - contrastive_training - INFO - Using device: cuda
2025-04-28 17:24:44,599 - contrastive_training - INFO - Data path: data/csv files/rawr_dinosaur.csv
2025-04-28 17:24:44,599 - contrastive_training - INFO - Image folder: data/final-sample-dataset/images
2025-04-28 17:24:44,969 - contrastive_training - INFO - Dataset successfully loaded with 1247 samples
2025-04-28 17:24:44,991 - contrastive_training - INFO - Song embedding dimension: 128
2025-04-28 17:25:04,119 - contrastive_training - INFO - Train set: 872 samples
2025-04-28 17:25:04,119 - contrastive_training - INFO - Validation set: 187 samples
2025-04-28 17:25:04,119 - contrastive_training - INFO - Test set: 188 samples
2025-04-28 17:25:04,119 - contrastive_training - INFO - Actual batch sizes - Train: 32, Val: 32, Test: 32
2025-04-28 17:25:04,119 - contrastive_training - INFO - DataLoaders created successfully
2025-04-28 17:25:04,119 - contrastive_training - ERROR - Failed to initialize model: ImageEncoder.__init__() got an unexpected keyword argument 'add_projection_head'
