2025-05-11 20:02:09,568 - contrastive_training - INFO - Random seeds set for reproducibility
2025-05-11 20:02:09,568 - contrastive_training - INFO - Training parameters:
2025-05-11 20:02:09,568 - contrastive_training - INFO - Backbone architecture: resnet18
2025-05-11 20:02:09,568 - contrastive_training - INFO - Batch size: 16
2025-05-11 20:02:09,568 - contrastive_training - INFO - Embedding dimension: 128
2025-05-11 20:02:09,568 - contrastive_training - INFO - Learning rate: 0.0001
2025-05-11 20:02:09,568 - contrastive_training - INFO - Weight decay: 0.0001
2025-05-11 20:02:09,568 - contrastive_training - INFO - Max epochs: 75
2025-05-11 20:02:09,568 - contrastive_training - INFO - Early stopping patience: 10
2025-05-11 20:02:09,568 - contrastive_training - INFO - NT-Xent temperature: 0.07
2025-05-11 20:02:09,568 - contrastive_training - INFO - Hard negative weight: 0.05
2025-05-11 20:02:09,568 - contrastive_training - INFO - Mixup alpha: 0.2
2025-05-11 20:02:09,580 - contrastive_training - INFO - Using device: cuda
2025-05-11 20:02:09,580 - contrastive_training - INFO - Data path: data/csv_files/data_cleaned.csv
2025-05-11 20:02:09,580 - contrastive_training - INFO - Image folder: data/final-sample-dataset/images
2025-05-11 20:02:09,708 - contrastive_training - INFO - Dataset successfully loaded with 1177 samples
2025-05-11 20:02:09,728 - contrastive_training - INFO - Song embedding dimension: 64
2025-05-11 20:02:26,124 - contrastive_training - INFO - Train set: 823 samples
2025-05-11 20:02:26,124 - contrastive_training - INFO - Validation set: 177 samples
2025-05-11 20:02:26,124 - contrastive_training - INFO - Test set: 177 samples
2025-05-11 20:02:26,124 - contrastive_training - INFO - Actual batch sizes - Train: 16, Val: 16, Test: 16
2025-05-11 20:02:26,125 - contrastive_training - INFO - DataLoaders created successfully
2025-05-11 20:02:26,234 - contrastive_training - INFO - Model initialized successfully with resnet18 backbone
2025-05-11 20:02:26,235 - contrastive_training - INFO - Optimizer and scheduler initialized
2025-05-11 20:02:26,235 - contrastive_training - INFO - Starting training...
2025-05-11 20:02:26,309 - contrastive_training - INFO - Starting enhanced training on device: cuda
2025-05-11 20:02:26,671 - contrastive_training - ERROR - Error during training: mat1 and mat2 shapes cannot be multiplied (16x128 and 512x16)
2025-05-11 20:02:26,671 - contrastive_training - ERROR - Stack trace:
Traceback (most recent call last):
  File "/home/asdf/ig-project/train.py", line 589, in <module>
    trained_model, history = train_contrastive_model(
  File "/home/asdf/ig-project/train.py", line 156, in train_contrastive_model
    sim_matrix = model.similarity(image_embeddings, projected_song_embeddings)
  File "/home/asdf/ig-project/models/decoder/contrastive.py", line 86, in similarity
    return scale * torch.matmul(image_embeddings, song_embeddings.T)
RuntimeError: mat1 and mat2 shapes cannot be multiplied (16x128 and 512x16)
