2025-04-26 20:53:57,178 - contrastive_training - INFO - Random seeds set for reproducibility
2025-04-26 20:53:57,180 - contrastive_training - INFO - Training parameters:
2025-04-26 20:53:57,180 - contrastive_training - INFO - Backbone architecture: efficientnet_b0
2025-04-26 20:53:57,180 - contrastive_training - INFO - Batch size: 8
2025-04-26 20:53:57,180 - contrastive_training - INFO - Embedding dimension: 64
2025-04-26 20:53:57,180 - contrastive_training - INFO - Learning rate: 0.0001
2025-04-26 20:53:57,180 - contrastive_training - INFO - Weight decay: 0.0001
2025-04-26 20:53:57,184 - contrastive_training - INFO - Max epochs: 100
2025-04-26 20:53:57,184 - contrastive_training - INFO - Early stopping patience: 15
2025-04-26 20:53:57,184 - contrastive_training - INFO - NT-Xent temperature: 0.1
2025-04-26 20:53:57,184 - contrastive_training - INFO - Hard negative weight: 0.5
2025-04-26 20:53:57,184 - contrastive_training - INFO - Mixup alpha: 0.2
2025-04-26 20:53:57,207 - contrastive_training - INFO - Using device: cuda
2025-04-26 20:53:57,207 - contrastive_training - INFO - Data path: essentia_audio_encoder/final-sample-dataset/data.csv
2025-04-26 20:53:57,207 - contrastive_training - INFO - Image folder: essentia_audio_encoder/final-sample-dataset/images
2025-04-26 20:53:57,269 - contrastive_training - INFO - Dataset successfully loaded with 459 samples
2025-04-26 20:53:57,290 - contrastive_training - INFO - Song embedding dimension: 72
2025-04-26 20:54:04,632 - contrastive_training - INFO - Train set: 321 samples
2025-04-26 20:54:04,632 - contrastive_training - INFO - Validation set: 69 samples
2025-04-26 20:54:04,632 - contrastive_training - INFO - Test set: 69 samples
2025-04-26 20:54:04,632 - contrastive_training - INFO - Actual batch sizes - Train: 8, Val: 8, Test: 8
2025-04-26 20:54:04,634 - contrastive_training - INFO - DataLoaders created successfully
2025-04-26 20:54:04,711 - contrastive_training - INFO - Model initialized successfully with efficientnet_b0 backbone
2025-04-26 20:54:04,712 - contrastive_training - INFO - Optimizer and scheduler initialized
2025-04-26 20:54:04,712 - contrastive_training - INFO - Starting training...
2025-04-26 20:54:04,851 - contrastive_training - INFO - Starting training on device: cuda
2025-04-26 20:54:04,851 - contrastive_training - INFO - Number of training batches: 41
2025-04-26 20:54:04,851 - contrastive_training - INFO - Number of validation batches: 9
2025-04-26 20:55:11,631 - contrastive_training - INFO - Current Learning rate: 0.000001
2025-04-26 20:55:11,631 - contrastive_training - INFO - Epoch [1/100], Train Loss: 2.8133, Val Loss: 2.2476, Time: 66.78s
2025-04-26 20:55:11,632 - contrastive_training - INFO - Creating embedding visualizations...
2025-04-26 20:55:54,946 - contrastive_training - INFO - Validation loss improved to 2.2476
2025-04-26 20:57:00,984 - contrastive_training - INFO - Current Learning rate: 0.000021
2025-04-26 20:57:00,984 - contrastive_training - INFO - Epoch [2/100], Train Loss: 2.7069, Val Loss: 2.1982, Time: 66.04s
2025-04-26 20:57:00,986 - contrastive_training - INFO - Validation loss improved to 2.1982
2025-04-26 20:58:06,955 - contrastive_training - INFO - Current Learning rate: 0.000041
2025-04-26 20:58:06,956 - contrastive_training - INFO - Epoch [3/100], Train Loss: 2.5485, Val Loss: 2.1880, Time: 65.97s
2025-04-26 20:58:06,957 - contrastive_training - INFO - Validation loss improved to 2.1880
2025-04-26 20:59:14,712 - contrastive_training - INFO - Current Learning rate: 0.000060
2025-04-26 20:59:14,712 - contrastive_training - INFO - Epoch [4/100], Train Loss: 2.3168, Val Loss: 2.1802, Time: 67.75s
2025-04-26 20:59:14,715 - contrastive_training - INFO - Validation loss improved to 2.1802
2025-04-26 21:00:22,504 - contrastive_training - INFO - Current Learning rate: 0.000080
2025-04-26 21:00:22,504 - contrastive_training - INFO - Epoch [5/100], Train Loss: 2.2114, Val Loss: 2.0662, Time: 67.79s
2025-04-26 21:00:22,612 - contrastive_training - INFO - Checkpoint saved to checkpoints\checkpoint_epoch_5.pth
2025-04-26 21:00:22,612 - contrastive_training - INFO - Creating embedding visualizations...
2025-04-26 21:00:56,309 - contrastive_training - INFO - Validation loss improved to 2.0662
2025-04-26 21:02:05,078 - contrastive_training - INFO - Current Learning rate: 0.000100
2025-04-26 21:02:05,079 - contrastive_training - INFO - Epoch [6/100], Train Loss: 2.0690, Val Loss: 2.0505, Time: 68.77s
2025-04-26 21:02:05,081 - contrastive_training - INFO - Validation loss improved to 2.0505
2025-04-26 21:03:13,940 - contrastive_training - INFO - Current Learning rate: 0.000100
2025-04-26 21:03:13,940 - contrastive_training - INFO - Epoch [7/100], Train Loss: 2.0061, Val Loss: 2.0074, Time: 68.86s
2025-04-26 21:03:13,941 - contrastive_training - INFO - Validation loss improved to 2.0074
2025-04-26 21:04:24,397 - contrastive_training - INFO - Current Learning rate: 0.000100
2025-04-26 21:04:24,397 - contrastive_training - INFO - Epoch [8/100], Train Loss: 1.9723, Val Loss: 2.0043, Time: 70.46s
2025-04-26 21:04:24,399 - contrastive_training - INFO - Validation loss improved to 2.0043
2025-04-26 21:05:34,165 - contrastive_training - INFO - Current Learning rate: 0.000100
2025-04-26 21:05:34,165 - contrastive_training - INFO - Epoch [9/100], Train Loss: 1.9657, Val Loss: 2.0240, Time: 69.77s
2025-04-26 21:05:34,165 - contrastive_training - INFO - No improvement for 1 epochs
2025-04-26 21:06:43,082 - contrastive_training - INFO - Current Learning rate: 0.000100
2025-04-26 21:06:43,082 - contrastive_training - INFO - Epoch [10/100], Train Loss: 1.9117, Val Loss: 1.9438, Time: 68.92s
2025-04-26 21:06:43,196 - contrastive_training - INFO - Checkpoint saved to checkpoints\checkpoint_epoch_10.pth
2025-04-26 21:06:43,196 - contrastive_training - INFO - Creating embedding visualizations...
2025-04-26 21:07:18,380 - contrastive_training - INFO - Validation loss improved to 1.9438
2025-04-26 21:08:27,050 - contrastive_training - INFO - Current Learning rate: 0.000099
2025-04-26 21:08:27,050 - contrastive_training - INFO - Epoch [11/100], Train Loss: 1.9120, Val Loss: 2.0079, Time: 68.67s
2025-04-26 21:08:27,050 - contrastive_training - INFO - No improvement for 1 epochs
2025-04-26 21:09:37,277 - contrastive_training - INFO - Current Learning rate: 0.000099
2025-04-26 21:09:37,277 - contrastive_training - INFO - Epoch [12/100], Train Loss: 1.9179, Val Loss: 1.9586, Time: 70.23s
2025-04-26 21:09:37,277 - contrastive_training - INFO - No improvement for 2 epochs
2025-04-26 21:10:47,021 - contrastive_training - INFO - Current Learning rate: 0.000099
2025-04-26 21:10:47,021 - contrastive_training - INFO - Epoch [13/100], Train Loss: 1.8945, Val Loss: 2.1500, Time: 69.74s
2025-04-26 21:10:47,021 - contrastive_training - INFO - No improvement for 3 epochs
2025-04-26 21:11:57,105 - contrastive_training - INFO - Current Learning rate: 0.000098
2025-04-26 21:11:57,105 - contrastive_training - INFO - Epoch [14/100], Train Loss: 1.9138, Val Loss: 2.2898, Time: 70.08s
2025-04-26 21:11:57,105 - contrastive_training - INFO - No improvement for 4 epochs
2025-04-26 21:13:05,295 - contrastive_training - INFO - Current Learning rate: 0.000098
2025-04-26 21:13:05,295 - contrastive_training - INFO - Epoch [15/100], Train Loss: 1.8644, Val Loss: 2.1646, Time: 68.19s
2025-04-26 21:13:05,399 - contrastive_training - INFO - Checkpoint saved to checkpoints\checkpoint_epoch_15.pth
2025-04-26 21:13:05,399 - contrastive_training - INFO - Creating embedding visualizations...
2025-04-26 21:13:40,251 - contrastive_training - INFO - No improvement for 5 epochs
2025-04-26 21:14:49,428 - contrastive_training - INFO - Current Learning rate: 0.000098
2025-04-26 21:14:49,428 - contrastive_training - INFO - Epoch [16/100], Train Loss: 1.8909, Val Loss: 2.4498, Time: 69.18s
2025-04-26 21:14:49,429 - contrastive_training - INFO - No improvement for 6 epochs
2025-04-26 21:15:57,020 - contrastive_training - INFO - Current Learning rate: 0.000097
2025-04-26 21:15:57,020 - contrastive_training - INFO - Epoch [17/100], Train Loss: 1.9053, Val Loss: 2.2118, Time: 67.59s
2025-04-26 21:15:57,021 - contrastive_training - INFO - No improvement for 7 epochs
2025-04-26 21:17:04,827 - contrastive_training - INFO - Current Learning rate: 0.000097
2025-04-26 21:17:04,827 - contrastive_training - INFO - Epoch [18/100], Train Loss: 1.8739, Val Loss: 2.0307, Time: 67.81s
2025-04-26 21:17:04,827 - contrastive_training - INFO - No improvement for 8 epochs
2025-04-26 21:18:14,627 - contrastive_training - INFO - Current Learning rate: 0.000096
2025-04-26 21:18:14,627 - contrastive_training - INFO - Epoch [19/100], Train Loss: 1.8882, Val Loss: 2.5470, Time: 69.80s
2025-04-26 21:18:14,627 - contrastive_training - INFO - No improvement for 9 epochs
2025-04-26 21:19:23,513 - contrastive_training - INFO - Current Learning rate: 0.000095
2025-04-26 21:19:23,513 - contrastive_training - INFO - Epoch [20/100], Train Loss: 1.8773, Val Loss: 2.2148, Time: 68.89s
2025-04-26 21:19:23,630 - contrastive_training - INFO - Checkpoint saved to checkpoints\checkpoint_epoch_20.pth
2025-04-26 21:19:23,630 - contrastive_training - INFO - Creating embedding visualizations...
2025-04-26 21:19:58,389 - contrastive_training - INFO - No improvement for 10 epochs
2025-04-26 21:21:06,468 - contrastive_training - INFO - Current Learning rate: 0.000095
2025-04-26 21:21:06,468 - contrastive_training - INFO - Epoch [21/100], Train Loss: 1.8859, Val Loss: 2.3021, Time: 68.08s
2025-04-26 21:21:06,468 - contrastive_training - INFO - No improvement for 11 epochs
