2025-04-28 16:23:12,830 - contrastive_training - INFO - Random seeds set for reproducibility
2025-04-28 16:23:12,830 - contrastive_training - INFO - Training parameters:
2025-04-28 16:23:12,830 - contrastive_training - INFO - Backbone architecture: efficientnet_b0
2025-04-28 16:23:12,830 - contrastive_training - INFO - Batch size: 24
2025-04-28 16:23:12,830 - contrastive_training - INFO - Embedding dimension: 128
2025-04-28 16:23:12,830 - contrastive_training - INFO - Learning rate: 0.0003
2025-04-28 16:23:12,831 - contrastive_training - INFO - Weight decay: 0.0001
2025-04-28 16:23:12,831 - contrastive_training - INFO - Max epochs: 300
2025-04-28 16:23:12,831 - contrastive_training - INFO - Early stopping patience: 15
2025-04-28 16:23:12,831 - contrastive_training - INFO - NT-Xent temperature: 0.1
2025-04-28 16:23:12,831 - contrastive_training - INFO - Hard negative weight: 0.1
2025-04-28 16:23:12,831 - contrastive_training - INFO - Mixup alpha: 0.2
2025-04-28 16:23:12,854 - contrastive_training - INFO - Using device: cuda
2025-04-28 16:23:12,854 - contrastive_training - INFO - Data path: data/csv files/rawr_dinosaur.csv
2025-04-28 16:23:12,854 - contrastive_training - INFO - Image folder: data/final-sample-dataset/images
2025-04-28 16:23:13,228 - contrastive_training - INFO - Dataset successfully loaded with 1247 samples
2025-04-28 16:23:13,251 - contrastive_training - INFO - Song embedding dimension: 128
2025-04-28 16:23:32,858 - contrastive_training - INFO - Train set: 872 samples
2025-04-28 16:23:32,858 - contrastive_training - INFO - Validation set: 187 samples
2025-04-28 16:23:32,858 - contrastive_training - INFO - Test set: 188 samples
2025-04-28 16:23:32,858 - contrastive_training - INFO - Actual batch sizes - Train: 24, Val: 24, Test: 24
2025-04-28 16:23:32,858 - contrastive_training - INFO - DataLoaders created successfully
2025-04-28 16:23:32,936 - contrastive_training - INFO - Model initialized successfully with efficientnet_b0 backbone
2025-04-28 16:23:32,937 - contrastive_training - INFO - Optimizer and scheduler initialized
2025-04-28 16:23:32,937 - contrastive_training - INFO - Starting training...
2025-04-28 16:23:33,062 - contrastive_training - INFO - Starting enhanced training on device: cuda
2025-04-28 16:24:44,402 - contrastive_training - INFO - Recalls: R@1: 0.00%, R@5: 2.14%, R@10: 4.81%
2025-04-28 16:24:44,403 - contrastive_training - INFO - Current Learning rate: 0.000033
2025-04-28 16:24:44,403 - contrastive_training - INFO - Epoch [1/300], Train Loss: 4.4182, Val Loss: 4.3741, Time: 71.34s
2025-04-28 16:24:44,403 - contrastive_training - INFO - Creating embedding visualizations...
2025-04-28 16:24:56,273 - contrastive_training - INFO - No improvement for 1 epochs
2025-04-28 16:26:05,294 - contrastive_training - INFO - Recalls: R@1: 0.53%, R@5: 2.14%, R@10: 5.88%
2025-04-28 16:26:05,294 - contrastive_training - INFO - Current Learning rate: 0.000062
2025-04-28 16:26:05,294 - contrastive_training - INFO - Epoch [2/300], Train Loss: 4.4057, Val Loss: 4.3406, Time: 69.02s
2025-04-28 16:26:05,297 - contrastive_training - INFO - Recall@1 improved to 0.53%
2025-04-28 16:27:14,561 - contrastive_training - INFO - Recalls: R@1: 0.53%, R@5: 1.60%, R@10: 3.74%
2025-04-28 16:27:14,561 - contrastive_training - INFO - Current Learning rate: 0.000092
2025-04-28 16:27:14,561 - contrastive_training - INFO - Epoch [3/300], Train Loss: 4.1880, Val Loss: 4.1948, Time: 69.26s
2025-04-28 16:27:14,562 - contrastive_training - INFO - No improvement for 1 epochs
2025-04-28 16:28:24,124 - contrastive_training - INFO - Recalls: R@1: 0.53%, R@5: 2.67%, R@10: 6.95%
2025-04-28 16:28:24,124 - contrastive_training - INFO - Current Learning rate: 0.000122
2025-04-28 16:28:24,124 - contrastive_training - INFO - Epoch [4/300], Train Loss: 3.8811, Val Loss: 3.8882, Time: 69.56s
2025-04-28 16:28:24,124 - contrastive_training - INFO - No improvement for 2 epochs
2025-04-28 16:29:33,440 - contrastive_training - INFO - Recalls: R@1: 0.53%, R@5: 4.28%, R@10: 8.02%
2025-04-28 16:29:33,440 - contrastive_training - INFO - Current Learning rate: 0.000151
2025-04-28 16:29:33,440 - contrastive_training - INFO - Epoch [5/300], Train Loss: 3.5716, Val Loss: 3.7149, Time: 69.31s
2025-04-28 16:29:33,440 - contrastive_training - INFO - Creating embedding visualizations...
2025-04-28 16:29:35,594 - contrastive_training - INFO - No improvement for 3 epochs
2025-04-28 16:30:44,434 - contrastive_training - INFO - Recalls: R@1: 0.53%, R@5: 3.21%, R@10: 6.42%
2025-04-28 16:30:44,434 - contrastive_training - INFO - Current Learning rate: 0.000181
2025-04-28 16:30:44,434 - contrastive_training - INFO - Epoch [6/300], Train Loss: 3.3861, Val Loss: 3.6426, Time: 68.84s
2025-04-28 16:30:44,434 - contrastive_training - INFO - No improvement for 4 epochs
2025-04-28 16:31:53,536 - contrastive_training - INFO - Recalls: R@1: 1.07%, R@5: 2.67%, R@10: 6.42%
2025-04-28 16:31:53,536 - contrastive_training - INFO - Current Learning rate: 0.000211
2025-04-28 16:31:53,536 - contrastive_training - INFO - Epoch [7/300], Train Loss: 3.3133, Val Loss: 3.6065, Time: 69.10s
2025-04-28 16:31:53,539 - contrastive_training - INFO - Recall@1 improved to 1.07%
2025-04-28 16:33:02,804 - contrastive_training - INFO - Recalls: R@1: 1.07%, R@5: 3.74%, R@10: 5.88%
2025-04-28 16:33:02,804 - contrastive_training - INFO - Current Learning rate: 0.000241
2025-04-28 16:33:02,804 - contrastive_training - INFO - Epoch [8/300], Train Loss: 3.2191, Val Loss: 3.5902, Time: 69.26s
2025-04-28 16:33:02,804 - contrastive_training - INFO - No improvement for 1 epochs
2025-04-28 16:34:12,569 - contrastive_training - INFO - Recalls: R@1: 1.60%, R@5: 2.14%, R@10: 6.42%
2025-04-28 16:34:12,569 - contrastive_training - INFO - Current Learning rate: 0.000270
2025-04-28 16:34:12,569 - contrastive_training - INFO - Epoch [9/300], Train Loss: 3.1348, Val Loss: 3.6448, Time: 69.76s
2025-04-28 16:34:12,571 - contrastive_training - INFO - Recall@1 improved to 1.60%
2025-04-28 16:35:21,968 - contrastive_training - INFO - Recalls: R@1: 1.07%, R@5: 4.81%, R@10: 5.88%
2025-04-28 16:35:21,969 - contrastive_training - INFO - Current Learning rate: 0.000300
2025-04-28 16:35:21,969 - contrastive_training - INFO - Epoch [10/300], Train Loss: 2.9850, Val Loss: 3.7649, Time: 69.40s
2025-04-28 16:35:21,969 - contrastive_training - INFO - Creating embedding visualizations...
2025-04-28 16:35:23,944 - contrastive_training - INFO - No improvement for 1 epochs
2025-04-28 16:36:33,658 - contrastive_training - INFO - Recalls: R@1: 0.00%, R@5: 2.67%, R@10: 4.28%
2025-04-28 16:36:33,658 - contrastive_training - INFO - Current Learning rate: 0.000300
2025-04-28 16:36:33,658 - contrastive_training - INFO - Epoch [11/300], Train Loss: 2.7922, Val Loss: 3.9568, Time: 69.71s
2025-04-28 16:36:33,658 - contrastive_training - INFO - No improvement for 2 epochs
2025-04-28 16:37:43,502 - contrastive_training - INFO - Recalls: R@1: 0.00%, R@5: 4.81%, R@10: 8.02%
2025-04-28 16:37:43,503 - contrastive_training - INFO - Current Learning rate: 0.000300
2025-04-28 16:37:43,503 - contrastive_training - INFO - Epoch [12/300], Train Loss: 2.4178, Val Loss: 4.3642, Time: 69.85s
2025-04-28 16:37:43,503 - contrastive_training - INFO - No improvement for 3 epochs
2025-04-28 16:38:52,920 - contrastive_training - INFO - Recalls: R@1: 0.53%, R@5: 4.28%, R@10: 6.95%
2025-04-28 16:38:52,920 - contrastive_training - INFO - Current Learning rate: 0.000300
2025-04-28 16:38:52,920 - contrastive_training - INFO - Epoch [13/300], Train Loss: 2.1182, Val Loss: 4.9043, Time: 69.42s
2025-04-28 16:38:52,920 - contrastive_training - INFO - No improvement for 4 epochs
